<?xml version="1.0" encoding="UTF-8"?>
<coverage generated="1776407065279" clover="3.2.0">
  <project timestamp="1776407065279" name="All files">
    <metrics statements="666" coveredstatements="666" conditionals="296" coveredconditionals="290" methods="45" coveredmethods="45" elements="1007" coveredelements="1001" complexity="0" loc="666" ncloc="666" packages="1" files="8" classes="8"/>
    <file name="color.ts" path="/home/bravo1goingdark/Downloads/ascii/packages/core/src/color.ts">
      <metrics statements="63" coveredstatements="63" conditionals="44" coveredconditionals="42" methods="6" coveredmethods="6"/>
      <line num="1" count="1" type="stmt"/>
      <line num="11" count="1" type="cond" truecount="1" falsecount="0"/>
      <line num="12" count="199840" type="stmt"/>
      <line num="13" count="199840" type="stmt"/>
      <line num="16" count="1" type="cond" truecount="1" falsecount="0"/>
      <line num="17" count="199824" type="cond" truecount="2" falsecount="0"/>
      <line num="18" count="199822" type="stmt"/>
      <line num="20" count="199824" type="cond" truecount="1" falsecount="0"/>
      <line num="21" count="2" type="stmt"/>
      <line num="22" count="2" type="stmt"/>
      <line num="23" count="2" type="stmt"/>
      <line num="24" count="2" type="cond" truecount="0" falsecount="1"/>
      <line num="25" count="2" type="stmt"/>
      <line num="26" count="2" type="cond" truecount="1" falsecount="0"/>
      <line num="28" count="199824" type="cond" truecount="2" falsecount="0"/>
      <line num="29" count="199818" type="stmt"/>
      <line num="30" count="199818" type="stmt"/>
      <line num="31" count="199818" type="stmt"/>
      <line num="32" count="199818" type="cond" truecount="4" falsecount="0"/>
      <line num="33" count="199817" type="stmt"/>
      <line num="34" count="199817" type="cond" truecount="1" falsecount="0"/>
      <line num="36" count="2" type="stmt"/>
      <line num="37" count="2" type="stmt"/>
      <line num="40" count="2" type="cond" truecount="1" falsecount="0"/>
      <line num="41" count="2" type="stmt"/>
      <line num="42" count="2" type="cond" truecount="0" falsecount="1"/>
      <line num="43" count="2" type="stmt"/>
      <line num="44" count="2" type="stmt"/>
      <line num="47" count="199828" type="cond" truecount="1" falsecount="0"/>
      <line num="48" count="199828" type="stmt"/>
      <line num="49" count="199828" type="stmt"/>
      <line num="50" count="199828" type="stmt"/>
      <line num="51" count="199828" type="cond" truecount="1" falsecount="0"/>
      <line num="52" count="8" type="cond" truecount="2" falsecount="0"/>
      <line num="53" count="8" type="cond" truecount="1" falsecount="0"/>
      <line num="54" count="199828" type="cond" truecount="3" falsecount="0"/>
      <line num="55" count="24" type="cond" truecount="2" falsecount="0"/>
      <line num="56" count="5" type="stmt"/>
      <line num="57" count="5" type="stmt"/>
      <line num="60" count="1" type="cond" truecount="1" falsecount="0"/>
      <line num="61" count="99911" type="stmt"/>
      <line num="62" count="99911" type="stmt"/>
      <line num="63" count="99911" type="stmt"/>
      <line num="64" count="99911" type="stmt"/>
      <line num="65" count="99911" type="stmt"/>
      <line num="66" count="99911" type="stmt"/>
      <line num="67" count="99911" type="stmt"/>
      <line num="68" count="99911" type="stmt"/>
      <line num="69" count="99911" type="stmt"/>
      <line num="80" count="1" type="cond" truecount="1" falsecount="0"/>
      <line num="81" count="110218" type="stmt"/>
      <line num="82" count="110218" type="stmt"/>
      <line num="83" count="110218" type="stmt"/>
      <line num="84" count="110218" type="stmt"/>
      <line num="85" count="110218" type="stmt"/>
      <line num="86" count="110218" type="cond" truecount="3" falsecount="0"/>
      <line num="88" count="99914" type="stmt"/>
      <line num="89" count="99914" type="stmt"/>
      <line num="91" count="110218" type="cond" truecount="5" falsecount="0"/>
      <line num="92" count="110218" type="cond" truecount="6" falsecount="0"/>
      <line num="93" count="14" type="cond" truecount="2" falsecount="0"/>
      <line num="94" count="1" type="stmt"/>
      <line num="95" count="1" type="stmt"/>
    </file>
    <file name="easing.ts" path="/home/bravo1goingdark/Downloads/ascii/packages/core/src/easing.ts">
      <metrics statements="59" coveredstatements="59" conditionals="34" coveredconditionals="33" methods="5" coveredmethods="5"/>
      <line num="8" count="1" type="stmt"/>
      <line num="9" count="1" type="stmt"/>
      <line num="10" count="1" type="stmt"/>
      <line num="11" count="1" type="stmt"/>
      <line num="17" count="1" type="cond" truecount="1" falsecount="0"/>
      <line num="18" count="110362" type="cond" truecount="2" falsecount="0"/>
      <line num="19" count="110362" type="cond" truecount="2" falsecount="0"/>
      <line num="21" count="110362" type="cond" truecount="4" falsecount="0"/>
      <line num="23" count="110362" type="cond" truecount="3" falsecount="0"/>
      <line num="24" count="106" type="stmt"/>
      <line num="25" count="106" type="cond" truecount="1" falsecount="0"/>
      <line num="27" count="148" type="stmt"/>
      <line num="28" count="454" type="cond" truecount="1" falsecount="0"/>
      <line num="29" count="50" type="stmt"/>
      <line num="30" count="110362" type="cond" truecount="1" falsecount="0"/>
      <line num="31" count="53" type="stmt"/>
      <line num="32" count="110362" type="cond" truecount="1" falsecount="0"/>
      <line num="33" count="44" type="cond" truecount="2" falsecount="0"/>
      <line num="34" count="110362" type="cond" truecount="1" falsecount="0"/>
      <line num="35" count="1" type="stmt"/>
      <line num="36" count="110362" type="stmt"/>
      <line num="37" count="110362" type="stmt"/>
      <line num="44" count="106" type="cond" truecount="1" falsecount="0"/>
      <line num="45" count="106" type="stmt"/>
      <line num="46" count="106" type="stmt"/>
      <line num="47" count="106" type="stmt"/>
      <line num="49" count="106" type="cond" truecount="3" falsecount="0"/>
      <line num="52" count="4" type="stmt"/>
      <line num="54" count="4" type="stmt"/>
      <line num="55" count="4" type="stmt"/>
      <line num="58" count="67" type="cond" truecount="1" falsecount="0"/>
      <line num="59" count="67" type="stmt"/>
      <line num="60" count="67" type="stmt"/>
      <line num="63" count="32" type="cond" truecount="1" falsecount="0"/>
      <line num="64" count="32" type="stmt"/>
      <line num="65" count="32" type="stmt"/>
      <line num="68" count="4" type="cond" truecount="1" falsecount="0"/>
      <line num="70" count="4" type="stmt"/>
      <line num="71" count="4" type="cond" truecount="1" falsecount="0"/>
      <line num="72" count="32" type="stmt"/>
      <line num="73" count="32" type="cond" truecount="0" falsecount="1"/>
      <line num="74" count="32" type="stmt"/>
      <line num="75" count="32" type="stmt"/>
      <line num="76" count="32" type="stmt"/>
      <line num="79" count="4" type="stmt"/>
      <line num="80" count="4" type="stmt"/>
      <line num="81" count="4" type="stmt"/>
      <line num="82" count="4" type="cond" truecount="1" falsecount="0"/>
      <line num="83" count="31" type="stmt"/>
      <line num="84" count="31" type="cond" truecount="2" falsecount="0"/>
      <line num="85" count="31" type="cond" truecount="1" falsecount="0"/>
      <line num="86" count="15" type="stmt"/>
      <line num="87" count="15" type="stmt"/>
      <line num="88" count="15" type="stmt"/>
      <line num="89" count="15" type="cond" truecount="1" falsecount="0"/>
      <line num="90" count="30" type="stmt"/>
      <line num="91" count="30" type="cond" truecount="1" falsecount="0"/>
      <line num="92" count="3" type="stmt"/>
      <line num="93" count="3" type="stmt"/>
    </file>
    <file name="migrate.ts" path="/home/bravo1goingdark/Downloads/ascii/packages/core/src/migrate.ts">
      <metrics statements="20" coveredstatements="20" conditionals="15" coveredconditionals="15" methods="1" coveredmethods="1"/>
      <line num="1" count="1" type="stmt"/>
      <line num="14" count="1" type="stmt"/>
      <line num="16" count="1" type="stmt"/>
      <line num="22" count="1" type="cond" truecount="1" falsecount="0"/>
      <line num="23" count="68" type="cond" truecount="4" falsecount="0"/>
      <line num="24" count="5" type="stmt"/>
      <line num="25" count="5" type="cond" truecount="2" falsecount="0"/>
      <line num="27" count="63" type="stmt"/>
      <line num="28" count="63" type="stmt"/>
      <line num="29" count="68" type="cond" truecount="2" falsecount="0"/>
      <line num="31" count="68" type="cond" truecount="1" falsecount="0"/>
      <line num="32" count="2" type="stmt"/>
      <line num="33" count="2" type="cond" truecount="1" falsecount="0"/>
      <line num="35" count="68" type="cond" truecount="1" falsecount="0"/>
      <line num="36" count="3" type="stmt"/>
      <line num="37" count="3" type="stmt"/>
      <line num="38" count="3" type="stmt"/>
      <line num="39" count="3" type="cond" truecount="1" falsecount="0"/>
      <line num="52" count="58" type="stmt"/>
      <line num="53" count="58" type="stmt"/>
    </file>
    <file name="player.ts" path="/home/bravo1goingdark/Downloads/ascii/packages/core/src/player.ts">
      <metrics statements="95" coveredstatements="95" conditionals="28" coveredconditionals="26" methods="13" coveredmethods="13"/>
      <line num="1" count="1" type="stmt"/>
      <line num="31" count="1" type="cond" truecount="1" falsecount="0"/>
      <line num="32" count="19" type="stmt"/>
      <line num="33" count="19" type="stmt"/>
      <line num="34" count="19" type="stmt"/>
      <line num="35" count="19" type="stmt"/>
      <line num="36" count="19" type="stmt"/>
      <line num="37" count="19" type="stmt"/>
      <line num="38" count="19" type="stmt"/>
      <line num="39" count="19" type="stmt"/>
      <line num="40" count="19" type="stmt"/>
      <line num="41" count="19" type="stmt"/>
      <line num="42" count="19" type="stmt"/>
      <line num="43" count="19" type="stmt"/>
      <line num="45" count="19" type="stmt"/>
      <line num="46" count="19" type="cond" truecount="1" falsecount="0"/>
      <line num="47" count="19" type="stmt"/>
      <line num="49" count="19" type="cond" truecount="1" falsecount="0"/>
      <line num="50" count="31" type="stmt"/>
      <line num="51" count="31" type="stmt"/>
      <line num="52" count="31" type="stmt"/>
      <line num="54" count="19" type="cond" truecount="1" falsecount="0"/>
      <line num="55" count="9" type="cond" truecount="0" falsecount="1"/>
      <line num="57" count="9" type="stmt"/>
      <line num="58" count="9" type="stmt"/>
      <line num="60" count="9" type="stmt"/>
      <line num="61" count="9" type="cond" truecount="1" falsecount="0"/>
      <line num="62" count="2" type="cond" truecount="1" falsecount="0"/>
      <line num="63" count="1" type="stmt"/>
      <line num="64" count="1" type="stmt"/>
      <line num="65" count="1" type="stmt"/>
      <line num="66" count="1" type="stmt"/>
      <line num="67" count="1" type="stmt"/>
      <line num="68" count="1" type="stmt"/>
      <line num="69" count="1" type="stmt"/>
      <line num="70" count="9" type="cond" truecount="1" falsecount="0"/>
      <line num="71" count="7" type="stmt"/>
      <line num="72" count="7" type="cond" truecount="1" falsecount="0"/>
      <line num="74" count="8" type="stmt"/>
      <line num="75" count="8" type="stmt"/>
      <line num="76" count="9" type="stmt"/>
      <line num="78" count="19" type="cond" truecount="1" falsecount="0"/>
      <line num="79" count="22" type="cond" truecount="0" falsecount="1"/>
      <line num="80" count="22" type="cond" truecount="1" falsecount="0"/>
      <line num="81" count="18" type="stmt"/>
      <line num="82" count="22" type="cond" truecount="1" falsecount="0"/>
      <line num="83" count="4" type="cond" truecount="1" falsecount="0"/>
      <line num="84" count="4" type="stmt"/>
      <line num="85" count="22" type="stmt"/>
      <line num="87" count="19" type="cond" truecount="1" falsecount="0"/>
      <line num="88" count="21" type="cond" truecount="1" falsecount="0"/>
      <line num="89" count="11" type="stmt"/>
      <line num="90" count="11" type="stmt"/>
      <line num="91" count="11" type="stmt"/>
      <line num="92" count="21" type="cond" truecount="1" falsecount="0"/>
      <line num="93" count="3" type="stmt"/>
      <line num="94" count="3" type="stmt"/>
      <line num="95" count="3" type="stmt"/>
      <line num="96" count="21" type="stmt"/>
      <line num="98" count="19" type="stmt"/>
      <line num="99" count="19" type="cond" truecount="1" falsecount="0"/>
      <line num="100" count="11" type="stmt"/>
      <line num="101" count="11" type="stmt"/>
      <line num="103" count="19" type="cond" truecount="1" falsecount="0"/>
      <line num="104" count="14" type="stmt"/>
      <line num="105" count="14" type="stmt"/>
      <line num="107" count="19" type="cond" truecount="1" falsecount="0"/>
      <line num="108" count="16" type="cond" truecount="3" falsecount="0"/>
      <line num="109" count="14" type="stmt"/>
      <line num="110" count="14" type="stmt"/>
      <line num="111" count="14" type="stmt"/>
      <line num="112" count="16" type="stmt"/>
      <line num="114" count="19" type="cond" truecount="1" falsecount="0"/>
      <line num="115" count="2" type="stmt"/>
      <line num="116" count="2" type="stmt"/>
      <line num="117" count="2" type="stmt"/>
      <line num="119" count="19" type="cond" truecount="1" falsecount="0"/>
      <line num="120" count="3" type="stmt"/>
      <line num="121" count="3" type="stmt"/>
      <line num="122" count="3" type="stmt"/>
      <line num="124" count="19" type="cond" truecount="1" falsecount="0"/>
      <line num="125" count="1" type="stmt"/>
      <line num="126" count="1" type="stmt"/>
      <line num="128" count="19" type="cond" truecount="1" falsecount="0"/>
      <line num="129" count="3" type="stmt"/>
      <line num="130" count="3" type="stmt"/>
      <line num="132" count="19" type="cond" truecount="1" falsecount="0"/>
      <line num="133" count="19" type="stmt"/>
      <line num="134" count="19" type="stmt"/>
      <line num="135" count="19" type="stmt"/>
      <line num="136" count="19" type="stmt"/>
      <line num="137" count="19" type="stmt"/>
      <line num="140" count="19" type="stmt"/>
      <line num="142" count="19" type="stmt"/>
      <line num="143" count="19" type="stmt"/>
    </file>
    <file name="sample.ts" path="/home/bravo1goingdark/Downloads/ascii/packages/core/src/sample.ts">
      <metrics statements="105" coveredstatements="105" conditionals="27" coveredconditionals="27" methods="7" coveredmethods="7"/>
      <line num="1" count="1" type="stmt"/>
      <line num="20" count="551020" type="cond" truecount="1" falsecount="0"/>
      <line num="21" count="551020" type="stmt"/>
      <line num="22" count="551020" type="stmt"/>
      <line num="27" count="1105655" type="cond" truecount="1" falsecount="0"/>
      <line num="28" count="1105655" type="stmt"/>
      <line num="29" count="1105655" type="cond" truecount="2" falsecount="0"/>
      <line num="30" count="1105655" type="stmt"/>
      <line num="33" count="221131" type="cond" truecount="1" falsecount="0"/>
      <line num="34" count="221131" type="cond" truecount="1" falsecount="0"/>
      <line num="35" count="221131" type="stmt"/>
      <line num="41" count="110928" type="cond" truecount="1" falsecount="0"/>
      <line num="42" count="110928" type="stmt"/>
      <line num="43" count="110928" type="cond" truecount="1" falsecount="0"/>
      <line num="44" count="1116424" type="cond" truecount="2" falsecount="0"/>
      <line num="45" count="1116424" type="cond" truecount="1" falsecount="0"/>
      <line num="46" count="1116424" type="stmt"/>
      <line num="47" count="110928" type="stmt"/>
      <line num="48" count="110928" type="stmt"/>
      <line num="55" count="110204" type="cond" truecount="1" falsecount="0"/>
      <line num="56" count="110204" type="stmt"/>
      <line num="57" count="110204" type="stmt"/>
      <line num="58" count="110204" type="cond" truecount="1" falsecount="0"/>
      <line num="59" count="389876" type="stmt"/>
      <line num="60" count="389876" type="cond" truecount="2" falsecount="0"/>
      <line num="61" count="213616" type="stmt"/>
      <line num="62" count="389857" type="cond" truecount="1" falsecount="0"/>
      <line num="63" count="176260" type="stmt"/>
      <line num="64" count="176260" type="stmt"/>
      <line num="65" count="389876" type="stmt"/>
      <line num="66" count="110204" type="stmt"/>
      <line num="67" count="110204" type="stmt"/>
      <line num="81" count="1" type="cond" truecount="1" falsecount="0"/>
      <line num="82" count="110928" type="stmt"/>
      <line num="83" count="110928" type="stmt"/>
      <line num="84" count="110928" type="stmt"/>
      <line num="85" count="110928" type="stmt"/>
      <line num="86" count="110928" type="stmt"/>
      <line num="87" count="110928" type="stmt"/>
      <line num="90" count="110928" type="cond" truecount="1" falsecount="0"/>
      <line num="91" count="1" type="stmt"/>
      <line num="92" count="1" type="stmt"/>
      <line num="93" count="1" type="stmt"/>
      <line num="94" count="1" type="stmt"/>
      <line num="95" count="1" type="stmt"/>
      <line num="96" count="1" type="stmt"/>
      <line num="97" count="1" type="stmt"/>
      <line num="98" count="1" type="stmt"/>
      <line num="99" count="1" type="stmt"/>
      <line num="100" count="1" type="stmt"/>
      <line num="101" count="1" type="cond" truecount="1" falsecount="0"/>
      <line num="103" count="110927" type="stmt"/>
      <line num="104" count="110927" type="stmt"/>
      <line num="107" count="110928" type="cond" truecount="1" falsecount="0"/>
      <line num="108" count="407" type="stmt"/>
      <line num="109" count="407" type="stmt"/>
      <line num="110" count="407" type="stmt"/>
      <line num="111" count="407" type="stmt"/>
      <line num="112" count="407" type="stmt"/>
      <line num="113" count="407" type="stmt"/>
      <line num="114" count="407" type="stmt"/>
      <line num="115" count="407" type="stmt"/>
      <line num="116" count="407" type="stmt"/>
      <line num="117" count="407" type="stmt"/>
      <line num="118" count="407" type="cond" truecount="1" falsecount="0"/>
      <line num="121" count="110928" type="cond" truecount="1" falsecount="0"/>
      <line num="122" count="316" type="stmt"/>
      <line num="123" count="316" type="stmt"/>
      <line num="124" count="316" type="stmt"/>
      <line num="125" count="316" type="stmt"/>
      <line num="126" count="316" type="stmt"/>
      <line num="127" count="316" type="stmt"/>
      <line num="128" count="316" type="stmt"/>
      <line num="129" count="316" type="stmt"/>
      <line num="130" count="316" type="stmt"/>
      <line num="131" count="316" type="stmt"/>
      <line num="132" count="316" type="cond" truecount="1" falsecount="0"/>
      <line num="135" count="110204" type="stmt"/>
      <line num="136" count="110204" type="stmt"/>
      <line num="137" count="110204" type="stmt"/>
      <line num="139" count="110204" type="stmt"/>
      <line num="140" count="110204" type="stmt"/>
      <line num="142" count="110204" type="stmt"/>
      <line num="143" count="110204" type="stmt"/>
      <line num="144" count="110204" type="stmt"/>
      <line num="145" count="110204" type="stmt"/>
      <line num="146" count="110204" type="stmt"/>
      <line num="147" count="110204" type="stmt"/>
      <line num="148" count="110204" type="stmt"/>
      <line num="149" count="110204" type="stmt"/>
      <line num="150" count="110204" type="stmt"/>
      <line num="151" count="110204" type="stmt"/>
      <line num="152" count="110204" type="stmt"/>
      <line num="158" count="1" type="cond" truecount="1" falsecount="0"/>
      <line num="159" count="11237" type="stmt"/>
      <line num="160" count="11237" type="stmt"/>
      <line num="161" count="11237" type="stmt"/>
      <line num="162" count="11237" type="stmt"/>
      <line num="163" count="11237" type="stmt"/>
      <line num="164" count="11237" type="cond" truecount="1" falsecount="0"/>
      <line num="165" count="110639" type="cond" truecount="2" falsecount="0"/>
      <line num="166" count="110637" type="stmt"/>
      <line num="167" count="110637" type="stmt"/>
      <line num="168" count="11237" type="stmt"/>
      <line num="169" count="11237" type="stmt"/>
    </file>
    <file name="serialize.ts" path="/home/bravo1goingdark/Downloads/ascii/packages/core/src/serialize.ts">
      <metrics statements="91" coveredstatements="91" conditionals="31" coveredconditionals="30" methods="7" coveredmethods="7"/>
      <line num="1" count="1" type="stmt"/>
      <line num="22" count="1" type="cond" truecount="1" falsecount="0"/>
      <line num="23" count="64" type="stmt"/>
      <line num="24" count="64" type="stmt"/>
      <line num="25" count="64" type="stmt"/>
      <line num="31" count="1" type="cond" truecount="1" falsecount="0"/>
      <line num="32" count="60" type="stmt"/>
      <line num="33" count="60" type="stmt"/>
      <line num="34" count="60" type="stmt"/>
      <line num="35" count="60" type="cond" truecount="1" falsecount="0"/>
      <line num="36" count="1" type="stmt"/>
      <line num="37" count="1" type="cond" truecount="1" falsecount="0"/>
      <line num="39" count="59" type="stmt"/>
      <line num="40" count="59" type="stmt"/>
      <line num="41" count="60" type="cond" truecount="2" falsecount="0"/>
      <line num="42" count="1" type="cond" truecount="1" falsecount="0"/>
      <line num="43" count="1" type="stmt"/>
      <line num="44" count="1" type="stmt"/>
      <line num="46" count="56" type="stmt"/>
      <line num="47" count="56" type="stmt"/>
      <line num="52" count="64" type="cond" truecount="1" falsecount="0"/>
      <line num="53" count="64" type="stmt"/>
      <line num="55" count="64" type="stmt"/>
      <line num="56" count="64" type="stmt"/>
      <line num="57" count="64" type="cond" truecount="1" falsecount="0"/>
      <line num="59" count="64" type="cond" truecount="1" falsecount="0"/>
      <line num="60" count="6" type="stmt"/>
      <line num="61" count="6" type="stmt"/>
      <line num="63" count="64" type="cond" truecount="1" falsecount="0"/>
      <line num="64" count="6" type="stmt"/>
      <line num="65" count="6" type="stmt"/>
      <line num="67" count="64" type="cond" truecount="1" falsecount="0"/>
      <line num="68" count="148" type="stmt"/>
      <line num="69" count="148" type="cond" truecount="1" falsecount="0"/>
      <line num="70" count="148" type="stmt"/>
      <line num="71" count="148" type="stmt"/>
      <line num="72" count="148" type="cond" truecount="1" falsecount="0"/>
      <line num="73" count="148" type="cond" truecount="1" falsecount="0"/>
      <line num="74" count="148" type="stmt"/>
      <line num="75" count="148" type="stmt"/>
      <line num="76" count="64" type="stmt"/>
      <line num="78" count="64" type="stmt"/>
      <line num="80" count="64" type="stmt"/>
      <line num="81" count="64" type="stmt"/>
      <line num="84" count="410" type="cond" truecount="1" falsecount="0"/>
      <line num="85" count="410" type="stmt"/>
      <line num="86" count="410" type="stmt"/>
      <line num="88" count="410" type="cond" truecount="1" falsecount="0"/>
      <line num="89" count="2864" type="stmt"/>
      <line num="90" count="2864" type="cond" truecount="0" falsecount="1"/>
      <line num="92" count="2864" type="stmt"/>
      <line num="93" count="2864" type="cond" truecount="1" falsecount="0"/>
      <line num="94" count="2864" type="cond" truecount="1" falsecount="0"/>
      <line num="95" count="817" type="stmt"/>
      <line num="96" count="817" type="stmt"/>
      <line num="97" count="2864" type="cond" truecount="1" falsecount="0"/>
      <line num="98" count="2864" type="cond" truecount="1" falsecount="0"/>
      <line num="99" count="2864" type="cond" truecount="1" falsecount="0"/>
      <line num="100" count="1222" type="stmt"/>
      <line num="101" count="1222" type="stmt"/>
      <line num="102" count="2864" type="cond" truecount="1" falsecount="0"/>
      <line num="103" count="407" type="stmt"/>
      <line num="104" count="407" type="stmt"/>
      <line num="105" count="2864" type="cond" truecount="1" falsecount="0"/>
      <line num="106" count="406" type="stmt"/>
      <line num="107" count="406" type="stmt"/>
      <line num="108" count="2864" type="cond" truecount="1" falsecount="0"/>
      <line num="109" count="12" type="stmt"/>
      <line num="110" count="12" type="stmt"/>
      <line num="111" count="2864" type="stmt"/>
      <line num="112" count="2864" type="stmt"/>
      <line num="114" count="410" type="stmt"/>
      <line num="115" count="410" type="stmt"/>
      <line num="118" count="1629" type="cond" truecount="1" falsecount="0"/>
      <line num="119" count="1629" type="stmt"/>
      <line num="120" count="1629" type="stmt"/>
      <line num="121" count="1629" type="stmt"/>
      <line num="124" count="12" type="cond" truecount="1" falsecount="0"/>
      <line num="125" count="12" type="stmt"/>
      <line num="126" count="12" type="cond" truecount="1" falsecount="0"/>
      <line num="127" count="30" type="stmt"/>
      <line num="128" count="30" type="stmt"/>
      <line num="129" count="12" type="stmt"/>
      <line num="130" count="12" type="stmt"/>
      <line num="133" count="6" type="cond" truecount="1" falsecount="0"/>
      <line num="134" count="6" type="stmt"/>
      <line num="135" count="6" type="cond" truecount="1" falsecount="0"/>
      <line num="136" count="18" type="stmt"/>
      <line num="137" count="18" type="stmt"/>
      <line num="138" count="6" type="stmt"/>
      <line num="139" count="6" type="stmt"/>
    </file>
    <file name="types.ts" path="/home/bravo1goingdark/Downloads/ascii/packages/core/src/types.ts">
      <metrics statements="24" coveredstatements="24" conditionals="0" coveredconditionals="0" methods="0" coveredmethods="0"/>
      <line num="8" count="1" type="stmt"/>
      <line num="23" count="1" type="stmt"/>
      <line num="24" count="1" type="stmt"/>
      <line num="25" count="1" type="stmt"/>
      <line num="26" count="1" type="stmt"/>
      <line num="27" count="1" type="stmt"/>
      <line num="28" count="1" type="stmt"/>
      <line num="29" count="1" type="stmt"/>
      <line num="30" count="1" type="stmt"/>
      <line num="31" count="1" type="stmt"/>
      <line num="163" count="1" type="stmt"/>
      <line num="164" count="1" type="stmt"/>
      <line num="165" count="1" type="stmt"/>
      <line num="166" count="1" type="stmt"/>
      <line num="167" count="1" type="stmt"/>
      <line num="168" count="1" type="stmt"/>
      <line num="169" count="1" type="stmt"/>
      <line num="170" count="1" type="stmt"/>
      <line num="173" count="1" type="stmt"/>
      <line num="176" count="1" type="stmt"/>
      <line num="177" count="1" type="stmt"/>
      <line num="178" count="1" type="stmt"/>
      <line num="179" count="1" type="stmt"/>
      <line num="182" count="1" type="stmt"/>
    </file>
    <file name="validate.ts" path="/home/bravo1goingdark/Downloads/ascii/packages/core/src/validate.ts">
      <metrics statements="209" coveredstatements="209" conditionals="117" coveredconditionals="117" methods="6" coveredmethods="6"/>
      <line num="1" count="1" type="stmt"/>
      <line num="10" count="1" type="stmt"/>
      <line num="11" count="1" type="stmt"/>
      <line num="14" count="1" type="cond" truecount="1" falsecount="0"/>
      <line num="15" count="173" type="stmt"/>
      <line num="17" count="173" type="cond" truecount="4" falsecount="0"/>
      <line num="18" count="4" type="stmt"/>
      <line num="19" count="4" type="stmt"/>
      <line num="20" count="4" type="cond" truecount="1" falsecount="0"/>
      <line num="22" count="169" type="stmt"/>
      <line num="25" count="173" type="cond" truecount="2" falsecount="0"/>
      <line num="26" count="2" type="stmt"/>
      <line num="27" count="173" type="cond" truecount="2" falsecount="0"/>
      <line num="28" count="1" type="stmt"/>
      <line num="29" count="167" type="cond" truecount="2" falsecount="0"/>
      <line num="30" count="2" type="stmt"/>
      <line num="31" count="2" type="stmt"/>
      <line num="32" count="2" type="stmt"/>
      <line num="33" count="2" type="stmt"/>
      <line num="34" count="2" type="stmt"/>
      <line num="35" count="2" type="cond" truecount="1" falsecount="0"/>
      <line num="38" count="173" type="cond" truecount="2" falsecount="0"/>
      <line num="39" count="1" type="stmt"/>
      <line num="40" count="173" type="cond" truecount="3" falsecount="0"/>
      <line num="41" count="6" type="stmt"/>
      <line num="42" count="6" type="cond" truecount="1" falsecount="0"/>
      <line num="44" count="173" type="cond" truecount="3" falsecount="0"/>
      <line num="47" count="173" type="cond" truecount="2" falsecount="0"/>
      <line num="48" count="11" type="cond" truecount="1" falsecount="0"/>
      <line num="49" count="1" type="stmt"/>
      <line num="50" count="11" type="cond" truecount="4" falsecount="0"/>
      <line num="51" count="4" type="stmt"/>
      <line num="52" count="4" type="stmt"/>
      <line num="53" count="11" type="cond" truecount="1" falsecount="0"/>
      <line num="56" count="173" type="cond" truecount="2" falsecount="0"/>
      <line num="57" count="10" type="stmt"/>
      <line num="58" count="10" type="cond" truecount="1" falsecount="0"/>
      <line num="61" count="173" type="cond" truecount="1" falsecount="0"/>
      <line num="62" count="1" type="stmt"/>
      <line num="63" count="173" type="cond" truecount="1" falsecount="0"/>
      <line num="64" count="168" type="stmt"/>
      <line num="65" count="168" type="cond" truecount="1" falsecount="0"/>
      <line num="67" count="169" type="stmt"/>
      <line num="68" count="169" type="stmt"/>
      <line num="70" count="10" type="cond" truecount="1" falsecount="0"/>
      <line num="71" count="10" type="cond" truecount="2" falsecount="0"/>
      <line num="72" count="2" type="stmt"/>
      <line num="73" count="2" type="stmt"/>
      <line num="74" count="2" type="cond" truecount="1" falsecount="0"/>
      <line num="75" count="8" type="stmt"/>
      <line num="77" count="10" type="cond" truecount="2" falsecount="0"/>
      <line num="78" count="1" type="stmt"/>
      <line num="79" count="1" type="cond" truecount="1" falsecount="0"/>
      <line num="80" count="10" type="cond" truecount="2" falsecount="0"/>
      <line num="81" count="1" type="stmt"/>
      <line num="82" count="1" type="stmt"/>
      <line num="83" count="10" type="stmt"/>
      <line num="85" count="168" type="cond" truecount="1" falsecount="0"/>
      <line num="86" count="168" type="stmt"/>
      <line num="87" count="168" type="stmt"/>
      <line num="88" count="168" type="stmt"/>
      <line num="89" count="168" type="stmt"/>
      <line num="90" count="168" type="stmt"/>
      <line num="92" count="168" type="cond" truecount="1" falsecount="0"/>
      <line num="93" count="334" type="stmt"/>
      <line num="94" count="334" type="stmt"/>
      <line num="96" count="334" type="cond" truecount="3" falsecount="0"/>
      <line num="97" count="2" type="stmt"/>
      <line num="98" count="2" type="stmt"/>
      <line num="99" count="2" type="cond" truecount="1" falsecount="0"/>
      <line num="101" count="332" type="stmt"/>
      <line num="104" count="334" type="cond" truecount="1" falsecount="0"/>
      <line num="105" count="1" type="stmt"/>
      <line num="106" count="334" type="cond" truecount="2" falsecount="0"/>
      <line num="107" count="1" type="stmt"/>
      <line num="108" count="1" type="stmt"/>
      <line num="109" count="1" type="stmt"/>
      <line num="110" count="1" type="stmt"/>
      <line num="111" count="1" type="stmt"/>
      <line num="112" count="331" type="cond" truecount="2" falsecount="0"/>
      <line num="113" count="1" type="stmt"/>
      <line num="114" count="330" type="cond" truecount="1" falsecount="0"/>
      <line num="115" count="329" type="stmt"/>
      <line num="116" count="329" type="cond" truecount="1" falsecount="0"/>
      <line num="119" count="334" type="cond" truecount="1" falsecount="0"/>
      <line num="120" count="1" type="stmt"/>
      <line num="121" count="1" type="cond" truecount="1" falsecount="0"/>
      <line num="124" count="334" type="cond" truecount="1" falsecount="0"/>
      <line num="125" count="1" type="stmt"/>
      <line num="126" count="334" type="cond" truecount="1" falsecount="0"/>
      <line num="127" count="331" type="stmt"/>
      <line num="128" count="331" type="stmt"/>
      <line num="129" count="334" type="stmt"/>
      <line num="130" count="168" type="stmt"/>
      <line num="132" count="331" type="cond" truecount="1" falsecount="0"/>
      <line num="133" count="331" type="stmt"/>
      <line num="134" count="331" type="stmt"/>
      <line num="135" count="331" type="stmt"/>
      <line num="136" count="331" type="stmt"/>
      <line num="137" count="331" type="stmt"/>
      <line num="138" count="331" type="stmt"/>
      <line num="140" count="331" type="cond" truecount="1" falsecount="0"/>
      <line num="141" count="927" type="stmt"/>
      <line num="142" count="927" type="stmt"/>
      <line num="144" count="927" type="cond" truecount="3" falsecount="0"/>
      <line num="145" count="2" type="stmt"/>
      <line num="146" count="2" type="stmt"/>
      <line num="147" count="2" type="cond" truecount="1" falsecount="0"/>
      <line num="149" count="925" type="stmt"/>
      <line num="152" count="927" type="cond" truecount="1" falsecount="0"/>
      <line num="153" count="1" type="stmt"/>
      <line num="154" count="927" type="cond" truecount="2" falsecount="0"/>
      <line num="155" count="1" type="stmt"/>
      <line num="156" count="924" type="cond" truecount="1" falsecount="0"/>
      <line num="157" count="923" type="cond" truecount="1" falsecount="0"/>
      <line num="158" count="1" type="stmt"/>
      <line num="159" count="1" type="stmt"/>
      <line num="160" count="923" type="cond" truecount="1" falsecount="0"/>
      <line num="161" count="1" type="stmt"/>
      <line num="162" count="1" type="stmt"/>
      <line num="163" count="1" type="stmt"/>
      <line num="164" count="1" type="stmt"/>
      <line num="165" count="1" type="stmt"/>
      <line num="166" count="1" type="stmt"/>
      <line num="167" count="923" type="cond" truecount="1" falsecount="0"/>
      <line num="168" count="1" type="stmt"/>
      <line num="169" count="1" type="stmt"/>
      <line num="170" count="1" type="stmt"/>
      <line num="171" count="1" type="stmt"/>
      <line num="172" count="1" type="stmt"/>
      <line num="173" count="923" type="cond" truecount="1" falsecount="0"/>
      <line num="174" count="922" type="stmt"/>
      <line num="175" count="922" type="stmt"/>
      <line num="176" count="923" type="cond" truecount="1" falsecount="0"/>
      <line num="179" count="925" type="stmt"/>
      <line num="180" count="925" type="stmt"/>
      <line num="181" count="925" type="stmt"/>
      <line num="184" count="927" type="cond" truecount="2" falsecount="0"/>
      <line num="185" count="887" type="cond" truecount="1" falsecount="0"/>
      <line num="186" count="1" type="stmt"/>
      <line num="187" count="887" type="cond" truecount="3" falsecount="0"/>
      <line num="188" count="3" type="stmt"/>
      <line num="189" count="3" type="stmt"/>
      <line num="190" count="887" type="cond" truecount="1" falsecount="0"/>
      <line num="193" count="927" type="cond" truecount="2" falsecount="0"/>
      <line num="194" count="885" type="cond" truecount="1" falsecount="0"/>
      <line num="195" count="1" type="stmt"/>
      <line num="196" count="885" type="cond" truecount="2" falsecount="0"/>
      <line num="197" count="1" type="stmt"/>
      <line num="198" count="1" type="stmt"/>
      <line num="199" count="885" type="cond" truecount="1" falsecount="0"/>
      <line num="202" count="927" type="cond" truecount="2" falsecount="0"/>
      <line num="203" count="71" type="cond" truecount="1" falsecount="0"/>
      <line num="204" count="1" type="stmt"/>
      <line num="205" count="1" type="stmt"/>
      <line num="206" count="71" type="cond" truecount="1" falsecount="0"/>
      <line num="209" count="927" type="cond" truecount="2" falsecount="0"/>
      <line num="210" count="29" type="cond" truecount="1" falsecount="0"/>
      <line num="211" count="1" type="stmt"/>
      <line num="212" count="1" type="stmt"/>
      <line num="213" count="29" type="cond" truecount="1" falsecount="0"/>
      <line num="216" count="927" type="cond" truecount="2" falsecount="0"/>
      <line num="217" count="868" type="stmt"/>
      <line num="218" count="868" type="stmt"/>
      <line num="219" count="927" type="stmt"/>
      <line num="220" count="331" type="stmt"/>
      <line num="222" count="2775" type="cond" truecount="1" falsecount="0"/>
      <line num="223" count="2775" type="stmt"/>
      <line num="224" count="2775" type="stmt"/>
      <line num="225" count="2775" type="stmt"/>
      <line num="226" count="2775" type="stmt"/>
      <line num="227" count="2775" type="stmt"/>
      <line num="228" count="2775" type="cond" truecount="2" falsecount="0"/>
      <line num="229" count="2640" type="cond" truecount="1" falsecount="0"/>
      <line num="230" count="2" type="stmt"/>
      <line num="231" count="2" type="stmt"/>
      <line num="232" count="2" type="stmt"/>
      <line num="233" count="2" type="stmt"/>
      <line num="234" count="2" type="stmt"/>
      <line num="235" count="2" type="stmt"/>
      <line num="236" count="2640" type="stmt"/>
      <line num="237" count="2775" type="stmt"/>
      <line num="239" count="868" type="cond" truecount="1" falsecount="0"/>
      <line num="240" count="868" type="cond" truecount="1" falsecount="0"/>
      <line num="241" count="864" type="cond" truecount="1" falsecount="0"/>
      <line num="242" count="1" type="stmt"/>
      <line num="243" count="1" type="stmt"/>
      <line num="244" count="864" type="stmt"/>
      <line num="245" count="864" type="cond" truecount="1" falsecount="0"/>
      <line num="247" count="868" type="cond" truecount="3" falsecount="0"/>
      <line num="248" count="3" type="stmt"/>
      <line num="249" count="3" type="cond" truecount="1" falsecount="0"/>
      <line num="250" count="1" type="stmt"/>
      <line num="251" count="1" type="stmt"/>
      <line num="252" count="1" type="cond" truecount="1" falsecount="0"/>
      <line num="253" count="3" type="cond" truecount="1" falsecount="0"/>
      <line num="254" count="8" type="stmt"/>
      <line num="255" count="8" type="cond" truecount="1" falsecount="0"/>
      <line num="256" count="1" type="stmt"/>
      <line num="257" count="1" type="stmt"/>
      <line num="258" count="1" type="stmt"/>
      <line num="259" count="1" type="stmt"/>
      <line num="260" count="1" type="stmt"/>
      <line num="261" count="1" type="stmt"/>
      <line num="262" count="8" type="cond" truecount="1" falsecount="0"/>
      <line num="263" count="2" type="stmt"/>
      <line num="264" count="2" type="cond" truecount="1" falsecount="0"/>
      <line num="266" count="1" type="stmt"/>
      <line num="267" count="1" type="stmt"/>
    </file>
  </project>
</coverage>
