{"/home/bravo1goingdark/Downloads/ascii/packages/core/src/color.ts": {"path":"/home/bravo1goingdark/Downloads/ascii/packages/core/src/color.ts","all":false,"statementMap":{"0":{"start":{"line":1,"column":0},"end":{"line":1,"column":3}},"10":{"start":{"line":11,"column":0},"end":{"line":11,"column":58}},"11":{"start":{"line":12,"column":0},"end":{"line":12,"column":57}},"12":{"start":{"line":13,"column":0},"end":{"line":13,"column":1}},"15":{"start":{"line":16,"column":0},"end":{"line":16,"column":77}},"16":{"start":{"line":17,"column":0},"end":{"line":17,"column":40}},"17":{"start":{"line":18,"column":0},"end":{"line":18,"column":25}},"19":{"start":{"line":20,"column":0},"end":{"line":20,"column":23}},"20":{"start":{"line":21,"column":0},"end":{"line":21,"column":42}},"21":{"start":{"line":22,"column":0},"end":{"line":22,"column":42}},"22":{"start":{"line":23,"column":0},"end":{"line":23,"column":42}},"23":{"start":{"line":24,"column":0},"end":{"line":24,"column":54}},"24":{"start":{"line":25,"column":0},"end":{"line":25,"column":21}},"25":{"start":{"line":26,"column":0},"end":{"line":26,"column":3}},"27":{"start":{"line":28,"column":0},"end":{"line":28,"column":41}},"28":{"start":{"line":29,"column":0},"end":{"line":29,"column":42}},"29":{"start":{"line":30,"column":0},"end":{"line":30,"column":42}},"30":{"start":{"line":31,"column":0},"end":{"line":31,"column":42}},"31":{"start":{"line":32,"column":0},"end":{"line":32,"column":54}},"32":{"start":{"line":33,"column":0},"end":{"line":33,"column":21}},"33":{"start":{"line":34,"column":0},"end":{"line":34,"column":3}},"35":{"start":{"line":36,"column":0},"end":{"line":36,"column":14}},"36":{"start":{"line":37,"column":0},"end":{"line":37,"column":1}},"39":{"start":{"line":40,"column":0},"end":{"line":40,"column":71}},"40":{"start":{"line":41,"column":0},"end":{"line":41,"column":65}},"41":{"start":{"line":42,"column":0},"end":{"line":42,"column":22}},"42":{"start":{"line":43,"column":0},"end":{"line":43,"column":52}},"43":{"start":{"line":44,"column":0},"end":{"line":44,"column":1}},"46":{"start":{"line":47,"column":0},"end":{"line":47,"column":22}},"47":{"start":{"line":48,"column":0},"end":{"line":48,"column":11}},"48":{"start":{"line":49,"column":0},"end":{"line":49,"column":27}},"49":{"start":{"line":50,"column":0},"end":{"line":50,"column":36}},"50":{"start":{"line":51,"column":0},"end":{"line":51,"column":24}},"51":{"start":{"line":52,"column":0},"end":{"line":52,"column":49}},"52":{"start":{"line":53,"column":0},"end":{"line":53,"column":3}},"53":{"start":{"line":54,"column":0},"end":{"line":54,"column":49}},"54":{"start":{"line":55,"column":0},"end":{"line":55,"column":52}},"55":{"start":{"line":56,"column":0},"end":{"line":56,"column":14}},"56":{"start":{"line":57,"column":0},"end":{"line":57,"column":1}},"59":{"start":{"line":60,"column":0},"end":{"line":60,"column":24}},"60":{"start":{"line":61,"column":0},"end":{"line":61,"column":30}},"61":{"start":{"line":62,"column":0},"end":{"line":62,"column":30}},"62":{"start":{"line":63,"column":0},"end":{"line":63,"column":12}},"63":{"start":{"line":64,"column":0},"end":{"line":64,"column":11}},"64":{"start":{"line":65,"column":0},"end":{"line":65,"column":49}},"65":{"start":{"line":66,"column":0},"end":{"line":66,"column":49}},"66":{"start":{"line":67,"column":0},"end":{"line":67,"column":50}},"67":{"start":{"line":68,"column":0},"end":{"line":68,"column":32}},"68":{"start":{"line":69,"column":0},"end":{"line":69,"column":1}},"79":{"start":{"line":80,"column":0},"end":{"line":80,"column":33}},"80":{"start":{"line":81,"column":0},"end":{"line":81,"column":11}},"81":{"start":{"line":82,"column":0},"end":{"line":82,"column":11}},"82":{"start":{"line":83,"column":0},"end":{"line":83,"column":12}},"83":{"start":{"line":84,"column":0},"end":{"line":84,"column":27}},"84":{"start":{"line":85,"column":0},"end":{"line":85,"column":10}},"85":{"start":{"line":86,"column":0},"end":{"line":86,"column":24}},"87":{"start":{"line":88,"column":0},"end":{"line":88,"column":41}},"88":{"start":{"line":89,"column":0},"end":{"line":89,"column":41}},"90":{"start":{"line":91,"column":0},"end":{"line":91,"column":50}},"91":{"start":{"line":92,"column":0},"end":{"line":92,"column":45}},"92":{"start":{"line":93,"column":0},"end":{"line":93,"column":22}},"93":{"start":{"line":94,"column":0},"end":{"line":94,"column":11}},"94":{"start":{"line":95,"column":0},"end":{"line":95,"column":1}}},"s":{"0":1,"10":1,"11":199840,"12":199840,"15":1,"16":199824,"17":199822,"19":199824,"20":2,"21":2,"22":2,"23":2,"24":2,"25":2,"27":199824,"28":199818,"29":199818,"30":199818,"31":199818,"32":199817,"33":199817,"35":2,"36":2,"39":2,"40":2,"41":2,"42":2,"43":2,"46":199828,"47":199828,"48":199828,"49":199828,"50":199828,"51":8,"52":8,"53":199828,"54":24,"55":5,"56":5,"59":1,"60":99911,"61":99911,"62":99911,"63":99911,"64":99911,"65":99911,"66":99911,"67":99911,"68":99911,"79":1,"80":110218,"81":110218,"82":110218,"83":110218,"84":110218,"85":110218,"87":99914,"88":99914,"90":110218,"91":110218,"92":14,"93":1,"94":1},"branchMap":{"0":{"type":"branch","line":11,"loc":{"start":{"line":11,"column":7},"end":{"line":13,"column":1}},"locations":[{"start":{"line":11,"column":7},"end":{"line":13,"column":1}}]},"1":{"type":"branch","line":16,"loc":{"start":{"line":16,"column":7},"end":{"line":37,"column":1}},"locations":[{"start":{"line":16,"column":7},"end":{"line":37,"column":1}}]},"2":{"type":"branch","line":17,"loc":{"start":{"line":17,"column":28},"end":{"line":17,"column":40}},"locations":[{"start":{"line":17,"column":28},"end":{"line":17,"column":40}}]},"3":{"type":"branch","line":17,"loc":{"start":{"line":17,"column":35},"end":{"line":20,"column":22}},"locations":[{"start":{"line":17,"column":35},"end":{"line":20,"column":22}}]},"4":{"type":"branch","line":20,"loc":{"start":{"line":20,"column":22},"end":{"line":26,"column":3}},"locations":[{"start":{"line":20,"column":22},"end":{"line":26,"column":3}}]},"5":{"type":"branch","line":24,"loc":{"start":{"line":24,"column":42},"end":{"line":24,"column":54}},"locations":[{"start":{"line":24,"column":42},"end":{"line":24,"column":54}}]},"6":{"type":"branch","line":26,"loc":{"start":{"line":26,"column":2},"end":{"line":28,"column":24}},"locations":[{"start":{"line":26,"column":2},"end":{"line":28,"column":24}}]},"7":{"type":"branch","line":28,"loc":{"start":{"line":28,"column":19},"end":{"line":28,"column":40}},"locations":[{"start":{"line":28,"column":19},"end":{"line":28,"column":40}}]},"8":{"type":"branch","line":28,"loc":{"start":{"line":28,"column":40},"end":{"line":34,"column":3}},"locations":[{"start":{"line":28,"column":40},"end":{"line":34,"column":3}}]},"9":{"type":"branch","line":32,"loc":{"start":{"line":32,"column":15},"end":{"line":32,"column":32}},"locations":[{"start":{"line":32,"column":15},"end":{"line":32,"column":32}}]},"10":{"type":"branch","line":32,"loc":{"start":{"line":32,"column":27},"end":{"line":32,"column":42}},"locations":[{"start":{"line":32,"column":27},"end":{"line":32,"column":42}}]},"11":{"type":"branch","line":32,"loc":{"start":{"line":32,"column":42},"end":{"line":32,"column":54}},"locations":[{"start":{"line":32,"column":42},"end":{"line":32,"column":54}}]},"12":{"type":"branch","line":32,"loc":{"start":{"line":32,"column":49},"end":{"line":34,"column":3}},"locations":[{"start":{"line":32,"column":49},"end":{"line":34,"column":3}}]},"13":{"type":"branch","line":34,"loc":{"start":{"line":34,"column":2},"end":{"line":37,"column":1}},"locations":[{"start":{"line":34,"column":2},"end":{"line":37,"column":1}}]},"14":{"type":"branch","line":40,"loc":{"start":{"line":40,"column":0},"end":{"line":44,"column":1}},"locations":[{"start":{"line":40,"column":0},"end":{"line":44,"column":1}}]},"15":{"type":"branch","line":42,"loc":{"start":{"line":42,"column":10},"end":{"line":42,"column":22}},"locations":[{"start":{"line":42,"column":10},"end":{"line":42,"column":22}}]},"16":{"type":"branch","line":47,"loc":{"start":{"line":47,"column":0},"end":{"line":57,"column":1}},"locations":[{"start":{"line":47,"column":0},"end":{"line":57,"column":1}}]},"17":{"type":"branch","line":51,"loc":{"start":{"line":51,"column":23},"end":{"line":53,"column":3}},"locations":[{"start":{"line":51,"column":23},"end":{"line":53,"column":3}}]},"18":{"type":"branch","line":52,"loc":{"start":{"line":52,"column":11},"end":{"line":52,"column":44}},"locations":[{"start":{"line":52,"column":11},"end":{"line":52,"column":44}}]},"19":{"type":"branch","line":52,"loc":{"start":{"line":52,"column":40},"end":{"line":52,"column":49}},"locations":[{"start":{"line":52,"column":40},"end":{"line":52,"column":49}}]},"20":{"type":"branch","line":53,"loc":{"start":{"line":53,"column":2},"end":{"line":54,"column":32}},"locations":[{"start":{"line":53,"column":2},"end":{"line":54,"column":32}}]},"21":{"type":"branch","line":54,"loc":{"start":{"line":54,"column":25},"end":{"line":54,"column":49}},"locations":[{"start":{"line":54,"column":25},"end":{"line":54,"column":49}}]},"22":{"type":"branch","line":54,"loc":{"start":{"line":54,"column":47},"end":{"line":57,"column":1}},"locations":[{"start":{"line":54,"column":47},"end":{"line":57,"column":1}}]},"23":{"type":"branch","line":54,"loc":{"start":{"line":54,"column":47},"end":{"line":55,"column":34}},"locations":[{"start":{"line":54,"column":47},"end":{"line":55,"column":34}}]},"24":{"type":"branch","line":55,"loc":{"start":{"line":55,"column":27},"end":{"line":55,"column":52}},"locations":[{"start":{"line":55,"column":27},"end":{"line":55,"column":52}}]},"25":{"type":"branch","line":55,"loc":{"start":{"line":55,"column":50},"end":{"line":57,"column":1}},"locations":[{"start":{"line":55,"column":50},"end":{"line":57,"column":1}}]},"26":{"type":"branch","line":60,"loc":{"start":{"line":60,"column":7},"end":{"line":69,"column":1}},"locations":[{"start":{"line":60,"column":7},"end":{"line":69,"column":1}}]},"27":{"type":"branch","line":80,"loc":{"start":{"line":80,"column":7},"end":{"line":95,"column":1}},"locations":[{"start":{"line":80,"column":7},"end":{"line":95,"column":1}}]},"28":{"type":"branch","line":86,"loc":{"start":{"line":86,"column":15},"end":{"line":86,"column":24}},"locations":[{"start":{"line":86,"column":15},"end":{"line":86,"column":24}}]},"29":{"type":"branch","line":86,"loc":{"start":{"line":86,"column":22},"end":{"line":91,"column":20}},"locations":[{"start":{"line":86,"column":22},"end":{"line":91,"column":20}}]},"30":{"type":"branch","line":86,"loc":{"start":{"line":86,"column":22},"end":{"line":91,"column":14}},"locations":[{"start":{"line":86,"column":22},"end":{"line":91,"column":14}}]},"31":{"type":"branch","line":91,"loc":{"start":{"line":91,"column":6},"end":{"line":91,"column":20}},"locations":[{"start":{"line":91,"column":6},"end":{"line":91,"column":20}}]},"32":{"type":"branch","line":91,"loc":{"start":{"line":91,"column":20},"end":{"line":92,"column":22}},"locations":[{"start":{"line":91,"column":20},"end":{"line":92,"column":22}}]},"33":{"type":"branch","line":91,"loc":{"start":{"line":91,"column":20},"end":{"line":91,"column":50}},"locations":[{"start":{"line":91,"column":20},"end":{"line":91,"column":50}}]},"34":{"type":"branch","line":91,"loc":{"start":{"line":91,"column":48},"end":{"line":92,"column":22}},"locations":[{"start":{"line":91,"column":48},"end":{"line":92,"column":22}}]},"35":{"type":"branch","line":91,"loc":{"start":{"line":91,"column":48},"end":{"line":92,"column":15}},"locations":[{"start":{"line":91,"column":48},"end":{"line":92,"column":15}}]},"36":{"type":"branch","line":92,"loc":{"start":{"line":92,"column":7},"end":{"line":92,"column":22}},"locations":[{"start":{"line":92,"column":7},"end":{"line":92,"column":22}}]},"37":{"type":"branch","line":92,"loc":{"start":{"line":92,"column":22},"end":{"line":95,"column":1}},"locations":[{"start":{"line":92,"column":22},"end":{"line":95,"column":1}}]},"38":{"type":"branch","line":92,"loc":{"start":{"line":92,"column":22},"end":{"line":92,"column":45}},"locations":[{"start":{"line":92,"column":22},"end":{"line":92,"column":45}}]},"39":{"type":"branch","line":92,"loc":{"start":{"line":92,"column":33},"end":{"line":92,"column":43}},"locations":[{"start":{"line":92,"column":33},"end":{"line":92,"column":43}}]},"40":{"type":"branch","line":92,"loc":{"start":{"line":92,"column":39},"end":{"line":92,"column":45}},"locations":[{"start":{"line":92,"column":39},"end":{"line":92,"column":45}}]},"41":{"type":"branch","line":92,"loc":{"start":{"line":92,"column":43},"end":{"line":93,"column":20}},"locations":[{"start":{"line":92,"column":43},"end":{"line":93,"column":20}}]},"42":{"type":"branch","line":93,"loc":{"start":{"line":93,"column":13},"end":{"line":93,"column":22}},"locations":[{"start":{"line":93,"column":13},"end":{"line":93,"column":22}}]},"43":{"type":"branch","line":93,"loc":{"start":{"line":93,"column":20},"end":{"line":95,"column":1}},"locations":[{"start":{"line":93,"column":20},"end":{"line":95,"column":1}}]}},"b":{"0":[199840],"1":[199824],"2":[2],"3":[199822],"4":[2],"5":[0],"6":[199820],"7":[3],"8":[199818],"9":[199817],"10":[199817],"11":[1],"12":[199817],"13":[2],"14":[2],"15":[0],"16":[199828],"17":[8],"18":[2],"19":[6],"20":[199820],"21":[199813],"22":[24],"23":[7],"24":[2],"25":[5],"26":[99911],"27":[110218],"28":[10304],"29":[99916],"30":[99914],"31":[99908],"32":[110023],"33":[99907],"34":[14],"35":[7],"36":[6],"37":[14],"38":[4],"39":[2],"40":[2],"41":[3],"42":[2],"43":[1]},"fnMap":{"0":{"name":"isColorToken","decl":{"start":{"line":11,"column":7},"end":{"line":13,"column":1}},"loc":{"start":{"line":11,"column":7},"end":{"line":13,"column":1}},"line":11},"1":{"name":"parseHexToRgb","decl":{"start":{"line":16,"column":7},"end":{"line":37,"column":1}},"loc":{"start":{"line":16,"column":7},"end":{"line":37,"column":1}},"line":16},"2":{"name":"parseRgbString","decl":{"start":{"line":40,"column":0},"end":{"line":44,"column":1}},"loc":{"start":{"line":40,"column":0},"end":{"line":44,"column":1}},"line":40},"3":{"name":"resolveToRgb","decl":{"start":{"line":47,"column":0},"end":{"line":57,"column":1}},"loc":{"start":{"line":47,"column":0},"end":{"line":57,"column":1}},"line":47},"4":{"name":"lerpRgb","decl":{"start":{"line":60,"column":7},"end":{"line":69,"column":1}},"loc":{"start":{"line":60,"column":7},"end":{"line":69,"column":1}},"line":60},"5":{"name":"interpolateColor","decl":{"start":{"line":80,"column":7},"end":{"line":95,"column":1}},"loc":{"start":{"line":80,"column":7},"end":{"line":95,"column":1}},"line":80}},"f":{"0":199840,"1":199824,"2":2,"3":199828,"4":99911,"5":110218}}
,"/home/bravo1goingdark/Downloads/ascii/packages/core/src/easing.ts": {"path":"/home/bravo1goingdark/Downloads/ascii/packages/core/src/easing.ts","all":false,"statementMap":{"7":{"start":{"line":8,"column":0},"end":{"line":8,"column":28}},"8":{"start":{"line":9,"column":0},"end":{"line":9,"column":31}},"9":{"start":{"line":10,"column":0},"end":{"line":10,"column":40}},"10":{"start":{"line":11,"column":0},"end":{"line":11,"column":38}},"16":{"start":{"line":17,"column":0},"end":{"line":17,"column":79}},"17":{"start":{"line":18,"column":0},"end":{"line":18,"column":23}},"18":{"start":{"line":19,"column":0},"end":{"line":19,"column":23}},"20":{"start":{"line":21,"column":0},"end":{"line":21,"column":60}},"22":{"start":{"line":23,"column":0},"end":{"line":23,"column":56}},"23":{"start":{"line":24,"column":0},"end":{"line":24,"column":43}},"24":{"start":{"line":25,"column":0},"end":{"line":25,"column":3}},"26":{"start":{"line":27,"column":0},"end":{"line":27,"column":19}},"27":{"start":{"line":28,"column":0},"end":{"line":28,"column":14}},"28":{"start":{"line":29,"column":0},"end":{"line":29,"column":19}},"29":{"start":{"line":30,"column":0},"end":{"line":30,"column":15}},"30":{"start":{"line":31,"column":0},"end":{"line":31,"column":30}},"31":{"start":{"line":32,"column":0},"end":{"line":32,"column":17}},"32":{"start":{"line":33,"column":0},"end":{"line":33,"column":56}},"33":{"start":{"line":34,"column":0},"end":{"line":34,"column":12}},"34":{"start":{"line":35,"column":0},"end":{"line":35,"column":15}},"35":{"start":{"line":36,"column":0},"end":{"line":36,"column":3}},"36":{"start":{"line":37,"column":0},"end":{"line":37,"column":1}},"43":{"start":{"line":44,"column":0},"end":{"line":44,"column":24}},"44":{"start":{"line":45,"column":0},"end":{"line":45,"column":12}},"45":{"start":{"line":46,"column":0},"end":{"line":46,"column":53}},"46":{"start":{"line":47,"column":0},"end":{"line":47,"column":11}},"48":{"start":{"line":49,"column":0},"end":{"line":49,"column":39}},"51":{"start":{"line":52,"column":0},"end":{"line":52,"column":35}},"53":{"start":{"line":54,"column":0},"end":{"line":54,"column":31}},"54":{"start":{"line":55,"column":0},"end":{"line":55,"column":1}},"57":{"start":{"line":58,"column":0},"end":{"line":58,"column":62}},"58":{"start":{"line":59,"column":0},"end":{"line":59,"column":73}},"59":{"start":{"line":60,"column":0},"end":{"line":60,"column":1}},"62":{"start":{"line":63,"column":0},"end":{"line":63,"column":61}},"63":{"start":{"line":64,"column":0},"end":{"line":64,"column":75}},"64":{"start":{"line":65,"column":0},"end":{"line":65,"column":1}},"67":{"start":{"line":68,"column":0},"end":{"line":68,"column":65}},"69":{"start":{"line":70,"column":0},"end":{"line":70,"column":12}},"70":{"start":{"line":71,"column":0},"end":{"line":71,"column":47}},"71":{"start":{"line":72,"column":0},"end":{"line":72,"column":39}},"72":{"start":{"line":73,"column":0},"end":{"line":73,"column":50}},"73":{"start":{"line":74,"column":0},"end":{"line":74,"column":41}},"74":{"start":{"line":75,"column":0},"end":{"line":75,"column":20}},"75":{"start":{"line":76,"column":0},"end":{"line":76,"column":3}},"78":{"start":{"line":79,"column":0},"end":{"line":79,"column":13}},"79":{"start":{"line":80,"column":0},"end":{"line":80,"column":13}},"80":{"start":{"line":81,"column":0},"end":{"line":81,"column":8}},"81":{"start":{"line":82,"column":0},"end":{"line":82,"column":56}},"82":{"start":{"line":83,"column":0},"end":{"line":83,"column":41}},"83":{"start":{"line":84,"column":0},"end":{"line":84,"column":55}},"84":{"start":{"line":85,"column":0},"end":{"line":85,"column":17}},"85":{"start":{"line":86,"column":0},"end":{"line":86,"column":13}},"86":{"start":{"line":87,"column":0},"end":{"line":87,"column":12}},"87":{"start":{"line":88,"column":0},"end":{"line":88,"column":13}},"88":{"start":{"line":89,"column":0},"end":{"line":89,"column":5}},"89":{"start":{"line":90,"column":0},"end":{"line":90,"column":22}},"90":{"start":{"line":91,"column":0},"end":{"line":91,"column":3}},"91":{"start":{"line":92,"column":0},"end":{"line":92,"column":11}},"92":{"start":{"line":93,"column":0},"end":{"line":93,"column":1}}},"s":{"7":1,"8":1,"9":1,"10":1,"16":1,"17":110362,"18":110362,"20":110362,"22":110362,"23":106,"24":106,"26":148,"27":454,"28":50,"29":110362,"30":53,"31":110362,"32":44,"33":110362,"34":1,"35":110362,"36":110362,"43":106,"44":106,"45":106,"46":106,"48":106,"51":4,"53":4,"54":4,"57":67,"58":67,"59":67,"62":32,"63":32,"64":32,"67":4,"69":4,"70":4,"71":32,"72":32,"73":32,"74":32,"75":32,"78":4,"79":4,"80":4,"81":4,"82":31,"83":31,"84":31,"85":15,"86":15,"87":15,"88":15,"89":30,"90":30,"91":3,"92":3},"branchMap":{"0":{"type":"branch","line":17,"loc":{"start":{"line":17,"column":7},"end":{"line":37,"column":1}},"locations":[{"start":{"line":17,"column":7},"end":{"line":37,"column":1}}]},"1":{"type":"branch","line":18,"loc":{"start":{"line":18,"column":14},"end":{"line":18,"column":23}},"locations":[{"start":{"line":18,"column":14},"end":{"line":18,"column":23}}]},"2":{"type":"branch","line":18,"loc":{"start":{"line":18,"column":21},"end":{"line":19,"column":21}},"locations":[{"start":{"line":18,"column":21},"end":{"line":19,"column":21}}]},"3":{"type":"branch","line":19,"loc":{"start":{"line":19,"column":14},"end":{"line":19,"column":23}},"locations":[{"start":{"line":19,"column":14},"end":{"line":19,"column":23}}]},"4":{"type":"branch","line":19,"loc":{"start":{"line":19,"column":21},"end":{"line":21,"column":30}},"locations":[{"start":{"line":19,"column":21},"end":{"line":21,"column":30}}]},"5":{"type":"branch","line":21,"loc":{"start":{"line":21,"column":17},"end":{"line":21,"column":51}},"locations":[{"start":{"line":21,"column":17},"end":{"line":21,"column":51}}]},"6":{"type":"branch","line":21,"loc":{"start":{"line":21,"column":51},"end":{"line":21,"column":60}},"locations":[{"start":{"line":21,"column":51},"end":{"line":21,"column":60}}]},"7":{"type":"branch","line":21,"loc":{"start":{"line":21,"column":58},"end":{"line":23,"column":55}},"locations":[{"start":{"line":21,"column":58},"end":{"line":23,"column":55}}]},"8":{"type":"branch","line":21,"loc":{"start":{"line":21,"column":58},"end":{"line":23,"column":36}},"locations":[{"start":{"line":21,"column":58},"end":{"line":23,"column":36}}]},"9":{"type":"branch","line":23,"loc":{"start":{"line":23,"column":24},"end":{"line":23,"column":55}},"locations":[{"start":{"line":23,"column":24},"end":{"line":23,"column":55}}]},"10":{"type":"branch","line":23,"loc":{"start":{"line":23,"column":55},"end":{"line":29,"column":19}},"locations":[{"start":{"line":23,"column":55},"end":{"line":29,"column":19}}]},"11":{"type":"branch","line":23,"loc":{"start":{"line":23,"column":55},"end":{"line":25,"column":3}},"locations":[{"start":{"line":23,"column":55},"end":{"line":25,"column":3}}]},"12":{"type":"branch","line":25,"loc":{"start":{"line":25,"column":2},"end":{"line":27,"column":19}},"locations":[{"start":{"line":25,"column":2},"end":{"line":27,"column":19}}]},"13":{"type":"branch","line":28,"loc":{"start":{"line":28,"column":4},"end":{"line":29,"column":19}},"locations":[{"start":{"line":28,"column":4},"end":{"line":29,"column":19}}]},"14":{"type":"branch","line":30,"loc":{"start":{"line":30,"column":4},"end":{"line":31,"column":30}},"locations":[{"start":{"line":30,"column":4},"end":{"line":31,"column":30}}]},"15":{"type":"branch","line":32,"loc":{"start":{"line":32,"column":4},"end":{"line":33,"column":56}},"locations":[{"start":{"line":32,"column":4},"end":{"line":33,"column":56}}]},"16":{"type":"branch","line":33,"loc":{"start":{"line":33,"column":17},"end":{"line":33,"column":35}},"locations":[{"start":{"line":33,"column":17},"end":{"line":33,"column":35}}]},"17":{"type":"branch","line":33,"loc":{"start":{"line":33,"column":31},"end":{"line":33,"column":56}},"locations":[{"start":{"line":33,"column":31},"end":{"line":33,"column":56}}]},"18":{"type":"branch","line":34,"loc":{"start":{"line":34,"column":4},"end":{"line":35,"column":15}},"locations":[{"start":{"line":34,"column":4},"end":{"line":35,"column":15}}]},"19":{"type":"branch","line":44,"loc":{"start":{"line":44,"column":0},"end":{"line":55,"column":1}},"locations":[{"start":{"line":44,"column":0},"end":{"line":55,"column":1}}]},"20":{"type":"branch","line":49,"loc":{"start":{"line":49,"column":13},"end":{"line":49,"column":30}},"locations":[{"start":{"line":49,"column":13},"end":{"line":49,"column":30}}]},"21":{"type":"branch","line":49,"loc":{"start":{"line":49,"column":30},"end":{"line":49,"column":39}},"locations":[{"start":{"line":49,"column":30},"end":{"line":49,"column":39}}]},"22":{"type":"branch","line":49,"loc":{"start":{"line":49,"column":37},"end":{"line":55,"column":1}},"locations":[{"start":{"line":49,"column":37},"end":{"line":55,"column":1}}]},"23":{"type":"branch","line":58,"loc":{"start":{"line":58,"column":0},"end":{"line":60,"column":1}},"locations":[{"start":{"line":58,"column":0},"end":{"line":60,"column":1}}]},"24":{"type":"branch","line":63,"loc":{"start":{"line":63,"column":0},"end":{"line":65,"column":1}},"locations":[{"start":{"line":63,"column":0},"end":{"line":65,"column":1}}]},"25":{"type":"branch","line":68,"loc":{"start":{"line":68,"column":0},"end":{"line":93,"column":1}},"locations":[{"start":{"line":68,"column":0},"end":{"line":93,"column":1}}]},"26":{"type":"branch","line":71,"loc":{"start":{"line":71,"column":46},"end":{"line":76,"column":3}},"locations":[{"start":{"line":71,"column":46},"end":{"line":76,"column":3}}]},"27":{"type":"branch","line":73,"loc":{"start":{"line":73,"column":44},"end":{"line":73,"column":50}},"locations":[{"start":{"line":73,"column":44},"end":{"line":73,"column":50}}]},"28":{"type":"branch","line":82,"loc":{"start":{"line":82,"column":55},"end":{"line":91,"column":3}},"locations":[{"start":{"line":82,"column":55},"end":{"line":91,"column":3}}]},"29":{"type":"branch","line":84,"loc":{"start":{"line":84,"column":46},"end":{"line":84,"column":55}},"locations":[{"start":{"line":84,"column":46},"end":{"line":84,"column":55}}]},"30":{"type":"branch","line":84,"loc":{"start":{"line":84,"column":53},"end":{"line":85,"column":16}},"locations":[{"start":{"line":84,"column":53},"end":{"line":85,"column":16}}]},"31":{"type":"branch","line":85,"loc":{"start":{"line":85,"column":16},"end":{"line":89,"column":5}},"locations":[{"start":{"line":85,"column":16},"end":{"line":89,"column":5}}]},"32":{"type":"branch","line":89,"loc":{"start":{"line":89,"column":4},"end":{"line":91,"column":3}},"locations":[{"start":{"line":89,"column":4},"end":{"line":91,"column":3}}]},"33":{"type":"branch","line":91,"loc":{"start":{"line":91,"column":2},"end":{"line":93,"column":1}},"locations":[{"start":{"line":91,"column":2},"end":{"line":93,"column":1}}]}},"b":{"0":[110362],"1":[30],"2":[110332],"3":[19],"4":[110313],"5":[295],"6":[110059],"7":[454],"8":[254],"9":[106],"10":[454],"11":[106],"12":[148],"13":[50],"14":[53],"15":[44],"16":[25],"17":[19],"18":[1],"19":[106],"20":[102],"21":[102],"22":[4],"23":[67],"24":[32],"25":[4],"26":[32],"27":[0],"28":[31],"29":[1],"30":[30],"31":[15],"32":[30],"33":[3]},"fnMap":{"0":{"name":"evaluateEasing","decl":{"start":{"line":17,"column":7},"end":{"line":37,"column":1}},"loc":{"start":{"line":17,"column":7},"end":{"line":37,"column":1}},"line":17},"1":{"name":"evaluateBezier","decl":{"start":{"line":44,"column":0},"end":{"line":55,"column":1}},"loc":{"start":{"line":44,"column":0},"end":{"line":55,"column":1}},"line":44},"2":{"name":"calcBezier","decl":{"start":{"line":58,"column":0},"end":{"line":60,"column":1}},"loc":{"start":{"line":58,"column":0},"end":{"line":60,"column":1}},"line":58},"3":{"name":"calcSlope","decl":{"start":{"line":63,"column":0},"end":{"line":65,"column":1}},"loc":{"start":{"line":63,"column":0},"end":{"line":65,"column":1}},"line":63},"4":{"name":"solveCurveX","decl":{"start":{"line":68,"column":0},"end":{"line":93,"column":1}},"loc":{"start":{"line":68,"column":0},"end":{"line":93,"column":1}},"line":68}},"f":{"0":110362,"1":106,"2":67,"3":32,"4":4}}
,"/home/bravo1goingdark/Downloads/ascii/packages/core/src/migrate.ts": {"path":"/home/bravo1goingdark/Downloads/ascii/packages/core/src/migrate.ts","all":false,"statementMap":{"0":{"start":{"line":1,"column":0},"end":{"line":1,"column":3}},"13":{"start":{"line":14,"column":0},"end":{"line":14,"column":65}},"15":{"start":{"line":16,"column":0},"end":{"line":16,"column":2}},"21":{"start":{"line":22,"column":0},"end":{"line":22,"column":48}},"22":{"start":{"line":23,"column":0},"end":{"line":23,"column":99}},"23":{"start":{"line":24,"column":0},"end":{"line":24,"column":52}},"24":{"start":{"line":25,"column":0},"end":{"line":25,"column":3}},"26":{"start":{"line":27,"column":0},"end":{"line":27,"column":47}},"27":{"start":{"line":28,"column":0},"end":{"line":28,"column":31}},"28":{"start":{"line":29,"column":0},"end":{"line":29,"column":72}},"30":{"start":{"line":31,"column":0},"end":{"line":31,"column":22}},"31":{"start":{"line":32,"column":0},"end":{"line":32,"column":65}},"32":{"start":{"line":33,"column":0},"end":{"line":33,"column":3}},"34":{"start":{"line":35,"column":0},"end":{"line":35,"column":34}},"35":{"start":{"line":36,"column":0},"end":{"line":36,"column":20}},"36":{"start":{"line":37,"column":0},"end":{"line":37,"column":93}},"37":{"start":{"line":38,"column":0},"end":{"line":38,"column":6}},"38":{"start":{"line":39,"column":0},"end":{"line":39,"column":3}},"51":{"start":{"line":52,"column":0},"end":{"line":52,"column":26}},"52":{"start":{"line":53,"column":0},"end":{"line":53,"column":1}}},"s":{"0":1,"13":1,"15":1,"21":1,"22":68,"23":5,"24":5,"26":63,"27":63,"28":68,"30":68,"31":2,"32":2,"34":68,"35":3,"36":3,"37":3,"38":3,"51":58,"52":58},"branchMap":{"0":{"type":"branch","line":22,"loc":{"start":{"line":22,"column":7},"end":{"line":53,"column":1}},"locations":[{"start":{"line":22,"column":7},"end":{"line":53,"column":1}}]},"1":{"type":"branch","line":23,"loc":{"start":{"line":23,"column":16},"end":{"line":23,"column":47}},"locations":[{"start":{"line":23,"column":16},"end":{"line":23,"column":47}}]},"2":{"type":"branch","line":23,"loc":{"start":{"line":23,"column":34},"end":{"line":23,"column":76}},"locations":[{"start":{"line":23,"column":34},"end":{"line":23,"column":76}}]},"3":{"type":"branch","line":23,"loc":{"start":{"line":23,"column":64},"end":{"line":23,"column":98}},"locations":[{"start":{"line":23,"column":64},"end":{"line":23,"column":98}}]},"4":{"type":"branch","line":23,"loc":{"start":{"line":23,"column":98},"end":{"line":25,"column":3}},"locations":[{"start":{"line":23,"column":98},"end":{"line":25,"column":3}}]},"5":{"type":"branch","line":25,"loc":{"start":{"line":25,"column":2},"end":{"line":29,"column":70}},"locations":[{"start":{"line":25,"column":2},"end":{"line":29,"column":70}}]},"6":{"type":"branch","line":25,"loc":{"start":{"line":25,"column":2},"end":{"line":29,"column":53}},"locations":[{"start":{"line":25,"column":2},"end":{"line":29,"column":53}}]},"7":{"type":"branch","line":29,"loc":{"start":{"line":29,"column":42},"end":{"line":29,"column":70}},"locations":[{"start":{"line":29,"column":42},"end":{"line":29,"column":70}}]},"8":{"type":"branch","line":29,"loc":{"start":{"line":29,"column":66},"end":{"line":29,"column":72}},"locations":[{"start":{"line":29,"column":66},"end":{"line":29,"column":72}}]},"9":{"type":"branch","line":31,"loc":{"start":{"line":31,"column":21},"end":{"line":33,"column":3}},"locations":[{"start":{"line":31,"column":21},"end":{"line":33,"column":3}}]},"10":{"type":"branch","line":33,"loc":{"start":{"line":33,"column":2},"end":{"line":35,"column":33}},"locations":[{"start":{"line":33,"column":2},"end":{"line":35,"column":33}}]},"11":{"type":"branch","line":35,"loc":{"start":{"line":35,"column":33},"end":{"line":39,"column":3}},"locations":[{"start":{"line":35,"column":33},"end":{"line":39,"column":3}}]},"12":{"type":"branch","line":39,"loc":{"start":{"line":39,"column":2},"end":{"line":42,"column":36}},"locations":[{"start":{"line":39,"column":2},"end":{"line":42,"column":36}}]},"13":{"type":"branch","line":42,"loc":{"start":{"line":42,"column":36},"end":{"line":49,"column":3}},"locations":[{"start":{"line":42,"column":36},"end":{"line":49,"column":3}}]},"14":{"type":"branch","line":49,"loc":{"start":{"line":49,"column":2},"end":{"line":53,"column":1}},"locations":[{"start":{"line":49,"column":2},"end":{"line":53,"column":1}}]}},"b":{"0":[68],"1":[67],"2":[66],"3":[64],"4":[5],"5":[67],"6":[63],"7":[61],"8":[2],"9":[2],"10":[61],"11":[3],"12":[58],"13":[1],"14":[1]},"fnMap":{"0":{"name":"migrate","decl":{"start":{"line":22,"column":7},"end":{"line":53,"column":1}},"loc":{"start":{"line":22,"column":7},"end":{"line":53,"column":1}},"line":22}},"f":{"0":68}}
,"/home/bravo1goingdark/Downloads/ascii/packages/core/src/player.ts": {"path":"/home/bravo1goingdark/Downloads/ascii/packages/core/src/player.ts","all":false,"statementMap":{"0":{"start":{"line":1,"column":0},"end":{"line":1,"column":3}},"30":{"start":{"line":31,"column":0},"end":{"line":31,"column":29}},"31":{"start":{"line":32,"column":0},"end":{"line":32,"column":15}},"32":{"start":{"line":33,"column":0},"end":{"line":33,"column":23}},"33":{"start":{"line":34,"column":0},"end":{"line":34,"column":27}},"34":{"start":{"line":35,"column":0},"end":{"line":35,"column":11}},"35":{"start":{"line":36,"column":0},"end":{"line":36,"column":12}},"36":{"start":{"line":37,"column":0},"end":{"line":37,"column":22}},"37":{"start":{"line":38,"column":0},"end":{"line":38,"column":21}},"38":{"start":{"line":39,"column":0},"end":{"line":39,"column":16}},"39":{"start":{"line":40,"column":0},"end":{"line":40,"column":24}},"40":{"start":{"line":41,"column":0},"end":{"line":41,"column":34}},"41":{"start":{"line":42,"column":0},"end":{"line":42,"column":59}},"42":{"start":{"line":43,"column":0},"end":{"line":43,"column":24}},"44":{"start":{"line":45,"column":0},"end":{"line":45,"column":61}},"45":{"start":{"line":46,"column":0},"end":{"line":46,"column":30}},"46":{"start":{"line":47,"column":0},"end":{"line":47,"column":35}},"48":{"start":{"line":49,"column":0},"end":{"line":49,"column":32}},"49":{"start":{"line":50,"column":0},"end":{"line":50,"column":52}},"50":{"start":{"line":51,"column":0},"end":{"line":51,"column":30}},"51":{"start":{"line":52,"column":0},"end":{"line":52,"column":3}},"53":{"start":{"line":54,"column":0},"end":{"line":54,"column":36}},"54":{"start":{"line":55,"column":0},"end":{"line":55,"column":38}},"56":{"start":{"line":57,"column":0},"end":{"line":57,"column":58}},"57":{"start":{"line":58,"column":0},"end":{"line":58,"column":24}},"59":{"start":{"line":60,"column":0},"end":{"line":60,"column":24}},"60":{"start":{"line":61,"column":0},"end":{"line":61,"column":33}},"61":{"start":{"line":62,"column":0},"end":{"line":62,"column":20}},"62":{"start":{"line":63,"column":0},"end":{"line":63,"column":34}},"63":{"start":{"line":64,"column":0},"end":{"line":64,"column":14}},"64":{"start":{"line":65,"column":0},"end":{"line":65,"column":27}},"65":{"start":{"line":66,"column":0},"end":{"line":66,"column":24}},"66":{"start":{"line":67,"column":0},"end":{"line":67,"column":22}},"67":{"start":{"line":68,"column":0},"end":{"line":68,"column":15}},"68":{"start":{"line":69,"column":0},"end":{"line":69,"column":7}},"69":{"start":{"line":70,"column":0},"end":{"line":70,"column":12}},"70":{"start":{"line":71,"column":0},"end":{"line":71,"column":15}},"71":{"start":{"line":72,"column":0},"end":{"line":72,"column":5}},"73":{"start":{"line":74,"column":0},"end":{"line":74,"column":18}},"74":{"start":{"line":75,"column":0},"end":{"line":75,"column":19}},"75":{"start":{"line":76,"column":0},"end":{"line":76,"column":3}},"77":{"start":{"line":78,"column":0},"end":{"line":78,"column":33}},"78":{"start":{"line":79,"column":0},"end":{"line":79,"column":38}},"79":{"start":{"line":80,"column":0},"end":{"line":80,"column":17}},"80":{"start":{"line":81,"column":0},"end":{"line":81,"column":44}},"81":{"start":{"line":82,"column":0},"end":{"line":82,"column":12}},"82":{"start":{"line":83,"column":0},"end":{"line":83,"column":75}},"83":{"start":{"line":84,"column":0},"end":{"line":84,"column":5}},"84":{"start":{"line":85,"column":0},"end":{"line":85,"column":3}},"86":{"start":{"line":87,"column":0},"end":{"line":87,"column":36}},"87":{"start":{"line":88,"column":0},"end":{"line":88,"column":32}},"88":{"start":{"line":89,"column":0},"end":{"line":89,"column":36}},"89":{"start":{"line":90,"column":0},"end":{"line":90,"column":26}},"90":{"start":{"line":91,"column":0},"end":{"line":91,"column":5}},"91":{"start":{"line":92,"column":0},"end":{"line":92,"column":34}},"92":{"start":{"line":93,"column":0},"end":{"line":93,"column":30}},"93":{"start":{"line":94,"column":0},"end":{"line":94,"column":28}},"94":{"start":{"line":95,"column":0},"end":{"line":95,"column":5}},"95":{"start":{"line":96,"column":0},"end":{"line":96,"column":3}},"97":{"start":{"line":98,"column":0},"end":{"line":98,"column":26}},"98":{"start":{"line":99,"column":0},"end":{"line":99,"column":19}},"99":{"start":{"line":100,"column":0},"end":{"line":100,"column":21}},"100":{"start":{"line":101,"column":0},"end":{"line":101,"column":6}},"102":{"start":{"line":103,"column":0},"end":{"line":103,"column":23}},"103":{"start":{"line":104,"column":0},"end":{"line":104,"column":15}},"104":{"start":{"line":105,"column":0},"end":{"line":105,"column":6}},"106":{"start":{"line":107,"column":0},"end":{"line":107,"column":12}},"107":{"start":{"line":108,"column":0},"end":{"line":108,"column":39}},"108":{"start":{"line":109,"column":0},"end":{"line":109,"column":21}},"109":{"start":{"line":110,"column":0},"end":{"line":110,"column":40}},"110":{"start":{"line":111,"column":0},"end":{"line":111,"column":21}},"111":{"start":{"line":112,"column":0},"end":{"line":112,"column":6}},"113":{"start":{"line":114,"column":0},"end":{"line":114,"column":13}},"114":{"start":{"line":115,"column":0},"end":{"line":115,"column":22}},"115":{"start":{"line":116,"column":0},"end":{"line":116,"column":24}},"116":{"start":{"line":117,"column":0},"end":{"line":117,"column":6}},"118":{"start":{"line":119,"column":0},"end":{"line":119,"column":24}},"119":{"start":{"line":120,"column":0},"end":{"line":120,"column":54}},"120":{"start":{"line":121,"column":0},"end":{"line":121,"column":20}},"121":{"start":{"line":122,"column":0},"end":{"line":122,"column":6}},"123":{"start":{"line":124,"column":0},"end":{"line":124,"column":25}},"124":{"start":{"line":125,"column":0},"end":{"line":125,"column":16}},"125":{"start":{"line":126,"column":0},"end":{"line":126,"column":6}},"127":{"start":{"line":128,"column":0},"end":{"line":128,"column":31}},"128":{"start":{"line":129,"column":0},"end":{"line":129,"column":21}},"129":{"start":{"line":130,"column":0},"end":{"line":130,"column":6}},"131":{"start":{"line":132,"column":0},"end":{"line":132,"column":15}},"132":{"start":{"line":133,"column":0},"end":{"line":133,"column":23}},"133":{"start":{"line":134,"column":0},"end":{"line":134,"column":22}},"134":{"start":{"line":135,"column":0},"end":{"line":135,"column":24}},"135":{"start":{"line":136,"column":0},"end":{"line":136,"column":6}},"136":{"start":{"line":137,"column":0},"end":{"line":137,"column":4}},"139":{"start":{"line":140,"column":0},"end":{"line":140,"column":16}},"141":{"start":{"line":142,"column":0},"end":{"line":142,"column":16}},"142":{"start":{"line":143,"column":0},"end":{"line":143,"column":1}}},"s":{"0":1,"30":1,"31":19,"32":19,"33":19,"34":19,"35":19,"36":19,"37":19,"38":19,"39":19,"40":19,"41":19,"42":19,"44":19,"45":19,"46":19,"48":19,"49":31,"50":31,"51":31,"53":19,"54":9,"56":9,"57":9,"59":9,"60":9,"61":2,"62":1,"63":1,"64":1,"65":1,"66":1,"67":1,"68":1,"69":9,"70":7,"71":7,"73":8,"74":8,"75":9,"77":19,"78":22,"79":22,"80":18,"81":22,"82":4,"83":4,"84":22,"86":19,"87":21,"88":11,"89":11,"90":11,"91":21,"92":3,"93":3,"94":3,"95":21,"97":19,"98":19,"99":11,"100":11,"102":19,"103":14,"104":14,"106":19,"107":16,"108":14,"109":14,"110":14,"111":16,"113":19,"114":2,"115":2,"116":2,"118":19,"119":3,"120":3,"121":3,"123":19,"124":1,"125":1,"127":19,"128":3,"129":3,"131":19,"132":19,"133":19,"134":19,"135":19,"136":19,"139":19,"141":19,"142":19},"branchMap":{"0":{"type":"branch","line":31,"loc":{"start":{"line":31,"column":7},"end":{"line":143,"column":1}},"locations":[{"start":{"line":31,"column":7},"end":{"line":143,"column":1}}]},"1":{"type":"branch","line":46,"loc":{"start":{"line":46,"column":20},"end":{"line":46,"column":30}},"locations":[{"start":{"line":46,"column":20},"end":{"line":46,"column":30}}]},"2":{"type":"branch","line":49,"loc":{"start":{"line":49,"column":2},"end":{"line":52,"column":3}},"locations":[{"start":{"line":49,"column":2},"end":{"line":52,"column":3}}]},"3":{"type":"branch","line":54,"loc":{"start":{"line":54,"column":2},"end":{"line":76,"column":3}},"locations":[{"start":{"line":54,"column":2},"end":{"line":76,"column":3}}]},"4":{"type":"branch","line":55,"loc":{"start":{"line":55,"column":31},"end":{"line":55,"column":38}},"locations":[{"start":{"line":55,"column":31},"end":{"line":55,"column":38}}]},"5":{"type":"branch","line":61,"loc":{"start":{"line":61,"column":32},"end":{"line":70,"column":11}},"locations":[{"start":{"line":61,"column":32},"end":{"line":70,"column":11}}]},"6":{"type":"branch","line":62,"loc":{"start":{"line":62,"column":19},"end":{"line":69,"column":7}},"locations":[{"start":{"line":62,"column":19},"end":{"line":69,"column":7}}]},"7":{"type":"branch","line":70,"loc":{"start":{"line":70,"column":4},"end":{"line":72,"column":5}},"locations":[{"start":{"line":70,"column":4},"end":{"line":72,"column":5}}]},"8":{"type":"branch","line":72,"loc":{"start":{"line":72,"column":4},"end":{"line":75,"column":19}},"locations":[{"start":{"line":72,"column":4},"end":{"line":75,"column":19}}]},"9":{"type":"branch","line":78,"loc":{"start":{"line":78,"column":2},"end":{"line":85,"column":3}},"locations":[{"start":{"line":78,"column":2},"end":{"line":85,"column":3}}]},"10":{"type":"branch","line":79,"loc":{"start":{"line":79,"column":31},"end":{"line":79,"column":38}},"locations":[{"start":{"line":79,"column":31},"end":{"line":79,"column":38}}]},"11":{"type":"branch","line":80,"loc":{"start":{"line":80,"column":16},"end":{"line":82,"column":11}},"locations":[{"start":{"line":80,"column":16},"end":{"line":82,"column":11}}]},"12":{"type":"branch","line":82,"loc":{"start":{"line":82,"column":4},"end":{"line":84,"column":5}},"locations":[{"start":{"line":82,"column":4},"end":{"line":84,"column":5}}]},"13":{"type":"branch","line":83,"loc":{"start":{"line":83,"column":29},"end":{"line":83,"column":60}},"locations":[{"start":{"line":83,"column":29},"end":{"line":83,"column":60}}]},"14":{"type":"branch","line":87,"loc":{"start":{"line":87,"column":2},"end":{"line":96,"column":3}},"locations":[{"start":{"line":87,"column":2},"end":{"line":96,"column":3}}]},"15":{"type":"branch","line":88,"loc":{"start":{"line":88,"column":31},"end":{"line":91,"column":5}},"locations":[{"start":{"line":88,"column":31},"end":{"line":91,"column":5}}]},"16":{"type":"branch","line":92,"loc":{"start":{"line":92,"column":33},"end":{"line":95,"column":5}},"locations":[{"start":{"line":92,"column":33},"end":{"line":95,"column":5}}]},"17":{"type":"branch","line":99,"loc":{"start":{"line":99,"column":4},"end":{"line":101,"column":6}},"locations":[{"start":{"line":99,"column":4},"end":{"line":101,"column":6}}]},"18":{"type":"branch","line":103,"loc":{"start":{"line":103,"column":4},"end":{"line":105,"column":6}},"locations":[{"start":{"line":103,"column":4},"end":{"line":105,"column":6}}]},"19":{"type":"branch","line":107,"loc":{"start":{"line":107,"column":4},"end":{"line":112,"column":6}},"locations":[{"start":{"line":107,"column":4},"end":{"line":112,"column":6}}]},"20":{"type":"branch","line":108,"loc":{"start":{"line":108,"column":10},"end":{"line":108,"column":32}},"locations":[{"start":{"line":108,"column":10},"end":{"line":108,"column":32}}]},"21":{"type":"branch","line":108,"loc":{"start":{"line":108,"column":32},"end":{"line":108,"column":39}},"locations":[{"start":{"line":108,"column":32},"end":{"line":108,"column":39}}]},"22":{"type":"branch","line":108,"loc":{"start":{"line":108,"column":32},"end":{"line":111,"column":21}},"locations":[{"start":{"line":108,"column":32},"end":{"line":111,"column":21}}]},"23":{"type":"branch","line":114,"loc":{"start":{"line":114,"column":4},"end":{"line":117,"column":6}},"locations":[{"start":{"line":114,"column":4},"end":{"line":117,"column":6}}]},"24":{"type":"branch","line":119,"loc":{"start":{"line":119,"column":4},"end":{"line":122,"column":6}},"locations":[{"start":{"line":119,"column":4},"end":{"line":122,"column":6}}]},"25":{"type":"branch","line":124,"loc":{"start":{"line":124,"column":4},"end":{"line":126,"column":6}},"locations":[{"start":{"line":124,"column":4},"end":{"line":126,"column":6}}]},"26":{"type":"branch","line":128,"loc":{"start":{"line":128,"column":4},"end":{"line":130,"column":6}},"locations":[{"start":{"line":128,"column":4},"end":{"line":130,"column":6}}]},"27":{"type":"branch","line":132,"loc":{"start":{"line":132,"column":4},"end":{"line":136,"column":6}},"locations":[{"start":{"line":132,"column":4},"end":{"line":136,"column":6}}]}},"b":{"0":[19],"1":[2],"2":[31],"3":[9],"4":[0],"5":[2],"6":[1],"7":[7],"8":[8],"9":[22],"10":[0],"11":[18],"12":[4],"13":[1],"14":[21],"15":[11],"16":[3],"17":[11],"18":[14],"19":[16],"20":[15],"21":[2],"22":[14],"23":[2],"24":[3],"25":[1],"26":[3],"27":[19]},"fnMap":{"0":{"name":"createPlayer","decl":{"start":{"line":31,"column":7},"end":{"line":143,"column":1}},"loc":{"start":{"line":31,"column":7},"end":{"line":143,"column":1}},"line":31},"1":{"name":"renderFrame","decl":{"start":{"line":49,"column":2},"end":{"line":52,"column":3}},"loc":{"start":{"line":49,"column":2},"end":{"line":52,"column":3}},"line":49},"2":{"name":"tick","decl":{"start":{"line":54,"column":2},"end":{"line":76,"column":3}},"loc":{"start":{"line":54,"column":2},"end":{"line":76,"column":3}},"line":54},"3":{"name":"scheduleNext","decl":{"start":{"line":78,"column":2},"end":{"line":85,"column":3}},"loc":{"start":{"line":78,"column":2},"end":{"line":85,"column":3}},"line":78},"4":{"name":"cancelScheduled","decl":{"start":{"line":87,"column":2},"end":{"line":96,"column":3}},"loc":{"start":{"line":87,"column":2},"end":{"line":96,"column":3}},"line":87},"5":{"name":"get playing","decl":{"start":{"line":99,"column":4},"end":{"line":101,"column":6}},"loc":{"start":{"line":99,"column":4},"end":{"line":101,"column":6}},"line":99},"6":{"name":"get currentTime","decl":{"start":{"line":103,"column":4},"end":{"line":105,"column":6}},"loc":{"start":{"line":103,"column":4},"end":{"line":105,"column":6}},"line":103},"7":{"name":"play","decl":{"start":{"line":107,"column":4},"end":{"line":112,"column":6}},"loc":{"start":{"line":107,"column":4},"end":{"line":112,"column":6}},"line":107},"8":{"name":"pause","decl":{"start":{"line":114,"column":4},"end":{"line":117,"column":6}},"loc":{"start":{"line":114,"column":4},"end":{"line":117,"column":6}},"line":114},"9":{"name":"seek","decl":{"start":{"line":119,"column":4},"end":{"line":122,"column":6}},"loc":{"start":{"line":119,"column":4},"end":{"line":122,"column":6}},"line":119},"10":{"name":"setSpeed","decl":{"start":{"line":124,"column":4},"end":{"line":126,"column":6}},"loc":{"start":{"line":124,"column":4},"end":{"line":126,"column":6}},"line":124},"11":{"name":"setLooping","decl":{"start":{"line":128,"column":4},"end":{"line":130,"column":6}},"loc":{"start":{"line":128,"column":4},"end":{"line":130,"column":6}},"line":128},"12":{"name":"destroy","decl":{"start":{"line":132,"column":4},"end":{"line":136,"column":6}},"loc":{"start":{"line":132,"column":4},"end":{"line":136,"column":6}},"line":132}},"f":{"0":19,"1":31,"2":9,"3":22,"4":21,"5":11,"6":14,"7":16,"8":2,"9":3,"10":1,"11":3,"12":19}}
,"/home/bravo1goingdark/Downloads/ascii/packages/core/src/sample.ts": {"path":"/home/bravo1goingdark/Downloads/ascii/packages/core/src/sample.ts","all":false,"statementMap":{"0":{"start":{"line":1,"column":0},"end":{"line":1,"column":3}},"19":{"start":{"line":20,"column":0},"end":{"line":20,"column":56}},"20":{"start":{"line":21,"column":0},"end":{"line":21,"column":25}},"21":{"start":{"line":22,"column":0},"end":{"line":22,"column":1}},"26":{"start":{"line":27,"column":0},"end":{"line":27,"column":93}},"27":{"start":{"line":28,"column":0},"end":{"line":28,"column":21}},"28":{"start":{"line":29,"column":0},"end":{"line":29,"column":55}},"29":{"start":{"line":30,"column":0},"end":{"line":30,"column":1}},"32":{"start":{"line":33,"column":0},"end":{"line":33,"column":39}},"33":{"start":{"line":34,"column":0},"end":{"line":34,"column":45}},"34":{"start":{"line":35,"column":0},"end":{"line":35,"column":1}},"40":{"start":{"line":41,"column":0},"end":{"line":41,"column":52}},"41":{"start":{"line":42,"column":0},"end":{"line":42,"column":25}},"42":{"start":{"line":43,"column":0},"end":{"line":43,"column":38}},"43":{"start":{"line":44,"column":0},"end":{"line":44,"column":24}},"44":{"start":{"line":45,"column":0},"end":{"line":45,"column":40}},"45":{"start":{"line":46,"column":0},"end":{"line":46,"column":3}},"46":{"start":{"line":47,"column":0},"end":{"line":47,"column":14}},"47":{"start":{"line":48,"column":0},"end":{"line":48,"column":1}},"54":{"start":{"line":55,"column":0},"end":{"line":55,"column":64}},"55":{"start":{"line":56,"column":0},"end":{"line":56,"column":13}},"56":{"start":{"line":57,"column":0},"end":{"line":57,"column":59}},"57":{"start":{"line":58,"column":0},"end":{"line":58,"column":19}},"58":{"start":{"line":59,"column":0},"end":{"line":59,"column":36}},"59":{"start":{"line":60,"column":0},"end":{"line":60,"column":33}},"60":{"start":{"line":61,"column":0},"end":{"line":61,"column":15}},"61":{"start":{"line":62,"column":0},"end":{"line":62,"column":12}},"62":{"start":{"line":63,"column":0},"end":{"line":63,"column":19}},"63":{"start":{"line":64,"column":0},"end":{"line":64,"column":5}},"64":{"start":{"line":65,"column":0},"end":{"line":65,"column":3}},"65":{"start":{"line":66,"column":0},"end":{"line":66,"column":12}},"66":{"start":{"line":67,"column":0},"end":{"line":67,"column":1}},"80":{"start":{"line":81,"column":0},"end":{"line":81,"column":29}},"81":{"start":{"line":82,"column":0},"end":{"line":82,"column":17}},"82":{"start":{"line":83,"column":0},"end":{"line":83,"column":12}},"83":{"start":{"line":84,"column":0},"end":{"line":84,"column":27}},"84":{"start":{"line":85,"column":0},"end":{"line":85,"column":18}},"85":{"start":{"line":86,"column":0},"end":{"line":86,"column":31}},"86":{"start":{"line":87,"column":0},"end":{"line":87,"column":33}},"89":{"start":{"line":90,"column":0},"end":{"line":90,"column":31}},"90":{"start":{"line":91,"column":0},"end":{"line":91,"column":12}},"91":{"start":{"line":92,"column":0},"end":{"line":92,"column":20}},"92":{"start":{"line":93,"column":0},"end":{"line":93,"column":11}},"93":{"start":{"line":94,"column":0},"end":{"line":94,"column":29}},"94":{"start":{"line":95,"column":0},"end":{"line":95,"column":29}},"95":{"start":{"line":96,"column":0},"end":{"line":96,"column":41}},"96":{"start":{"line":97,"column":0},"end":{"line":97,"column":43}},"97":{"start":{"line":98,"column":0},"end":{"line":98,"column":43}},"98":{"start":{"line":99,"column":0},"end":{"line":99,"column":37}},"99":{"start":{"line":100,"column":0},"end":{"line":100,"column":6}},"100":{"start":{"line":101,"column":0},"end":{"line":101,"column":3}},"102":{"start":{"line":103,"column":0},"end":{"line":103,"column":30}},"103":{"start":{"line":104,"column":0},"end":{"line":104,"column":48}},"106":{"start":{"line":107,"column":0},"end":{"line":107,"column":21}},"107":{"start":{"line":108,"column":0},"end":{"line":108,"column":12}},"108":{"start":{"line":109,"column":0},"end":{"line":109,"column":20}},"109":{"start":{"line":110,"column":0},"end":{"line":110,"column":11}},"110":{"start":{"line":111,"column":0},"end":{"line":111,"column":27}},"111":{"start":{"line":112,"column":0},"end":{"line":112,"column":27}},"112":{"start":{"line":113,"column":0},"end":{"line":113,"column":39}},"113":{"start":{"line":114,"column":0},"end":{"line":114,"column":41}},"114":{"start":{"line":115,"column":0},"end":{"line":115,"column":41}},"115":{"start":{"line":116,"column":0},"end":{"line":116,"column":28}},"116":{"start":{"line":117,"column":0},"end":{"line":117,"column":6}},"117":{"start":{"line":118,"column":0},"end":{"line":118,"column":3}},"120":{"start":{"line":121,"column":0},"end":{"line":121,"column":20}},"121":{"start":{"line":122,"column":0},"end":{"line":122,"column":12}},"122":{"start":{"line":123,"column":0},"end":{"line":123,"column":20}},"123":{"start":{"line":124,"column":0},"end":{"line":124,"column":11}},"124":{"start":{"line":125,"column":0},"end":{"line":125,"column":26}},"125":{"start":{"line":126,"column":0},"end":{"line":126,"column":26}},"126":{"start":{"line":127,"column":0},"end":{"line":127,"column":38}},"127":{"start":{"line":128,"column":0},"end":{"line":128,"column":40}},"128":{"start":{"line":129,"column":0},"end":{"line":129,"column":40}},"129":{"start":{"line":130,"column":0},"end":{"line":130,"column":27}},"130":{"start":{"line":131,"column":0},"end":{"line":131,"column":6}},"131":{"start":{"line":132,"column":0},"end":{"line":132,"column":3}},"134":{"start":{"line":135,"column":0},"end":{"line":135,"column":38}},"135":{"start":{"line":136,"column":0},"end":{"line":136,"column":27}},"136":{"start":{"line":137,"column":0},"end":{"line":137,"column":31}},"138":{"start":{"line":139,"column":0},"end":{"line":139,"column":39}},"139":{"start":{"line":140,"column":0},"end":{"line":140,"column":45}},"141":{"start":{"line":142,"column":0},"end":{"line":142,"column":10}},"142":{"start":{"line":143,"column":0},"end":{"line":143,"column":18}},"143":{"start":{"line":144,"column":0},"end":{"line":144,"column":9}},"144":{"start":{"line":145,"column":0},"end":{"line":145,"column":51}},"145":{"start":{"line":146,"column":0},"end":{"line":146,"column":51}},"146":{"start":{"line":147,"column":0},"end":{"line":147,"column":69}},"147":{"start":{"line":148,"column":0},"end":{"line":148,"column":72}},"148":{"start":{"line":149,"column":0},"end":{"line":149,"column":72}},"149":{"start":{"line":150,"column":0},"end":{"line":150,"column":71}},"150":{"start":{"line":151,"column":0},"end":{"line":151,"column":4}},"151":{"start":{"line":152,"column":0},"end":{"line":152,"column":1}},"157":{"start":{"line":158,"column":0},"end":{"line":158,"column":28}},"158":{"start":{"line":159,"column":0},"end":{"line":159,"column":15}},"159":{"start":{"line":160,"column":0},"end":{"line":160,"column":12}},"160":{"start":{"line":161,"column":0},"end":{"line":161,"column":27}},"161":{"start":{"line":162,"column":0},"end":{"line":162,"column":20}},"162":{"start":{"line":163,"column":0},"end":{"line":163,"column":37}},"163":{"start":{"line":164,"column":0},"end":{"line":164,"column":39}},"164":{"start":{"line":165,"column":0},"end":{"line":165,"column":32}},"165":{"start":{"line":166,"column":0},"end":{"line":166,"column":51}},"166":{"start":{"line":167,"column":0},"end":{"line":167,"column":3}},"167":{"start":{"line":168,"column":0},"end":{"line":168,"column":16}},"168":{"start":{"line":169,"column":0},"end":{"line":169,"column":1}}},"s":{"0":1,"19":551020,"20":551020,"21":551020,"26":1105655,"27":1105655,"28":1105655,"29":1105655,"32":221131,"33":221131,"34":221131,"40":110928,"41":110928,"42":110928,"43":1116424,"44":1116424,"45":1116424,"46":110928,"47":110928,"54":110204,"55":110204,"56":110204,"57":110204,"58":389876,"59":389876,"60":213616,"61":389857,"62":176260,"63":176260,"64":389876,"65":110204,"66":110204,"80":1,"81":110928,"82":110928,"83":110928,"84":110928,"85":110928,"86":110928,"89":110928,"90":1,"91":1,"92":1,"93":1,"94":1,"95":1,"96":1,"97":1,"98":1,"99":1,"100":1,"102":110927,"103":110927,"106":110928,"107":407,"108":407,"109":407,"110":407,"111":407,"112":407,"113":407,"114":407,"115":407,"116":407,"117":407,"120":110928,"121":316,"122":316,"123":316,"124":316,"125":316,"126":316,"127":316,"128":316,"129":316,"130":316,"131":316,"134":110204,"135":110204,"136":110204,"138":110204,"139":110204,"141":110204,"142":110204,"143":110204,"144":110204,"145":110204,"146":110204,"147":110204,"148":110204,"149":110204,"150":110204,"151":110204,"157":1,"158":11237,"159":11237,"160":11237,"161":11237,"162":11237,"163":11237,"164":110639,"165":110637,"166":110637,"167":11237,"168":11237},"branchMap":{"0":{"type":"branch","line":20,"loc":{"start":{"line":20,"column":0},"end":{"line":22,"column":1}},"locations":[{"start":{"line":20,"column":0},"end":{"line":22,"column":1}}]},"1":{"type":"branch","line":27,"loc":{"start":{"line":27,"column":0},"end":{"line":30,"column":1}},"locations":[{"start":{"line":27,"column":0},"end":{"line":30,"column":1}}]},"2":{"type":"branch","line":29,"loc":{"start":{"line":29,"column":15},"end":{"line":29,"column":31}},"locations":[{"start":{"line":29,"column":15},"end":{"line":29,"column":31}}]},"3":{"type":"branch","line":29,"loc":{"start":{"line":29,"column":27},"end":{"line":29,"column":55}},"locations":[{"start":{"line":29,"column":27},"end":{"line":29,"column":55}}]},"4":{"type":"branch","line":33,"loc":{"start":{"line":33,"column":0},"end":{"line":35,"column":1}},"locations":[{"start":{"line":33,"column":0},"end":{"line":35,"column":1}}]},"5":{"type":"branch","line":34,"loc":{"start":{"line":34,"column":12},"end":{"line":34,"column":45}},"locations":[{"start":{"line":34,"column":12},"end":{"line":34,"column":45}}]},"6":{"type":"branch","line":41,"loc":{"start":{"line":41,"column":0},"end":{"line":48,"column":1}},"locations":[{"start":{"line":41,"column":0},"end":{"line":48,"column":1}}]},"7":{"type":"branch","line":43,"loc":{"start":{"line":43,"column":37},"end":{"line":46,"column":3}},"locations":[{"start":{"line":43,"column":37},"end":{"line":46,"column":3}}]},"8":{"type":"branch","line":44,"loc":{"start":{"line":44,"column":18},"end":{"line":44,"column":24}},"locations":[{"start":{"line":44,"column":18},"end":{"line":44,"column":24}}]},"9":{"type":"branch","line":44,"loc":{"start":{"line":44,"column":18},"end":{"line":45,"column":32}},"locations":[{"start":{"line":44,"column":18},"end":{"line":45,"column":32}}]},"10":{"type":"branch","line":45,"loc":{"start":{"line":45,"column":25},"end":{"line":45,"column":40}},"locations":[{"start":{"line":45,"column":25},"end":{"line":45,"column":40}}]},"11":{"type":"branch","line":55,"loc":{"start":{"line":55,"column":0},"end":{"line":67,"column":1}},"locations":[{"start":{"line":55,"column":0},"end":{"line":67,"column":1}}]},"12":{"type":"branch","line":58,"loc":{"start":{"line":58,"column":18},"end":{"line":65,"column":3}},"locations":[{"start":{"line":58,"column":18},"end":{"line":65,"column":3}}]},"13":{"type":"branch","line":60,"loc":{"start":{"line":60,"column":32},"end":{"line":64,"column":5}},"locations":[{"start":{"line":60,"column":32},"end":{"line":64,"column":5}}]},"14":{"type":"branch","line":60,"loc":{"start":{"line":60,"column":32},"end":{"line":62,"column":11}},"locations":[{"start":{"line":60,"column":32},"end":{"line":62,"column":11}}]},"15":{"type":"branch","line":62,"loc":{"start":{"line":62,"column":4},"end":{"line":64,"column":5}},"locations":[{"start":{"line":62,"column":4},"end":{"line":64,"column":5}}]},"16":{"type":"branch","line":81,"loc":{"start":{"line":81,"column":7},"end":{"line":152,"column":1}},"locations":[{"start":{"line":81,"column":7},"end":{"line":152,"column":1}}]},"17":{"type":"branch","line":90,"loc":{"start":{"line":90,"column":30},"end":{"line":101,"column":3}},"locations":[{"start":{"line":90,"column":30},"end":{"line":101,"column":3}}]},"18":{"type":"branch","line":101,"loc":{"start":{"line":101,"column":2},"end":{"line":107,"column":20}},"locations":[{"start":{"line":101,"column":2},"end":{"line":107,"column":20}}]},"19":{"type":"branch","line":107,"loc":{"start":{"line":107,"column":20},"end":{"line":118,"column":3}},"locations":[{"start":{"line":107,"column":20},"end":{"line":118,"column":3}}]},"20":{"type":"branch","line":118,"loc":{"start":{"line":118,"column":2},"end":{"line":121,"column":19}},"locations":[{"start":{"line":118,"column":2},"end":{"line":121,"column":19}}]},"21":{"type":"branch","line":121,"loc":{"start":{"line":121,"column":19},"end":{"line":132,"column":3}},"locations":[{"start":{"line":121,"column":19},"end":{"line":132,"column":3}}]},"22":{"type":"branch","line":132,"loc":{"start":{"line":132,"column":2},"end":{"line":152,"column":1}},"locations":[{"start":{"line":132,"column":2},"end":{"line":152,"column":1}}]},"23":{"type":"branch","line":158,"loc":{"start":{"line":158,"column":7},"end":{"line":169,"column":1}},"locations":[{"start":{"line":158,"column":7},"end":{"line":169,"column":1}}]},"24":{"type":"branch","line":164,"loc":{"start":{"line":164,"column":38},"end":{"line":167,"column":3}},"locations":[{"start":{"line":164,"column":38},"end":{"line":167,"column":3}}]},"25":{"type":"branch","line":165,"loc":{"start":{"line":165,"column":23},"end":{"line":165,"column":32}},"locations":[{"start":{"line":165,"column":23},"end":{"line":165,"column":32}}]},"26":{"type":"branch","line":165,"loc":{"start":{"line":165,"column":23},"end":{"line":167,"column":3}},"locations":[{"start":{"line":165,"column":23},"end":{"line":167,"column":3}}]}},"b":{"0":[551020],"1":[1105655],"2":[1104541],"3":[1114],"4":[221131],"5":[21186],"6":[110928],"7":[1116424],"8":[110575],"9":[1005849],"10":[59],"11":[110204],"12":[389876],"13":[389857],"14":[213616],"15":[176260],"16":[110928],"17":[1],"18":[110927],"19":[407],"20":[110520],"21":[316],"22":[110204],"23":[11237],"24":[110639],"25":[2],"26":[110637]},"fnMap":{"0":{"name":"lerp","decl":{"start":{"line":20,"column":0},"end":{"line":22,"column":1}},"loc":{"start":{"line":20,"column":0},"end":{"line":22,"column":1}},"line":20},"1":{"name":"kfNum","decl":{"start":{"line":27,"column":0},"end":{"line":30,"column":1}},"loc":{"start":{"line":27,"column":0},"end":{"line":30,"column":1}},"line":27},"2":{"name":"kfColor","decl":{"start":{"line":33,"column":0},"end":{"line":35,"column":1}},"loc":{"start":{"line":33,"column":0},"end":{"line":35,"column":1}},"line":33},"3":{"name":"textAt","decl":{"start":{"line":41,"column":0},"end":{"line":48,"column":1}},"loc":{"start":{"line":41,"column":0},"end":{"line":48,"column":1}},"line":41},"4":{"name":"findSegment","decl":{"start":{"line":55,"column":0},"end":{"line":67,"column":1}},"loc":{"start":{"line":55,"column":0},"end":{"line":67,"column":1}},"line":55},"5":{"name":"sampleSprite","decl":{"start":{"line":81,"column":7},"end":{"line":152,"column":1}},"loc":{"start":{"line":81,"column":7},"end":{"line":152,"column":1}},"line":81},"6":{"name":"sampleScene","decl":{"start":{"line":158,"column":7},"end":{"line":169,"column":1}},"loc":{"start":{"line":158,"column":7},"end":{"line":169,"column":1}},"line":158}},"f":{"0":551020,"1":1105655,"2":221131,"3":110928,"4":110204,"5":110928,"6":11237}}
,"/home/bravo1goingdark/Downloads/ascii/packages/core/src/serialize.ts": {"path":"/home/bravo1goingdark/Downloads/ascii/packages/core/src/serialize.ts","all":false,"statementMap":{"0":{"start":{"line":1,"column":0},"end":{"line":1,"column":3}},"21":{"start":{"line":22,"column":0},"end":{"line":22,"column":49}},"22":{"start":{"line":23,"column":0},"end":{"line":23,"column":36}},"23":{"start":{"line":24,"column":0},"end":{"line":24,"column":47}},"24":{"start":{"line":25,"column":0},"end":{"line":25,"column":1}},"30":{"start":{"line":31,"column":0},"end":{"line":31,"column":50}},"31":{"start":{"line":32,"column":0},"end":{"line":32,"column":22}},"32":{"start":{"line":33,"column":0},"end":{"line":33,"column":7}},"33":{"start":{"line":34,"column":0},"end":{"line":34,"column":30}},"34":{"start":{"line":35,"column":0},"end":{"line":35,"column":11}},"35":{"start":{"line":36,"column":0},"end":{"line":36,"column":53}},"36":{"start":{"line":37,"column":0},"end":{"line":37,"column":3}},"38":{"start":{"line":39,"column":0},"end":{"line":39,"column":32}},"39":{"start":{"line":40,"column":0},"end":{"line":40,"column":33}},"40":{"start":{"line":41,"column":0},"end":{"line":41,"column":22}},"41":{"start":{"line":42,"column":0},"end":{"line":42,"column":84}},"42":{"start":{"line":43,"column":0},"end":{"line":43,"column":50}},"43":{"start":{"line":44,"column":0},"end":{"line":44,"column":3}},"45":{"start":{"line":46,"column":0},"end":{"line":46,"column":15}},"46":{"start":{"line":47,"column":0},"end":{"line":47,"column":1}},"51":{"start":{"line":52,"column":0},"end":{"line":52,"column":62}},"52":{"start":{"line":53,"column":0},"end":{"line":53,"column":42}},"54":{"start":{"line":55,"column":0},"end":{"line":55,"column":30}},"55":{"start":{"line":56,"column":0},"end":{"line":56,"column":35}},"56":{"start":{"line":57,"column":0},"end":{"line":57,"column":54}},"58":{"start":{"line":59,"column":0},"end":{"line":59,"column":19}},"59":{"start":{"line":60,"column":0},"end":{"line":60,"column":77}},"60":{"start":{"line":61,"column":0},"end":{"line":61,"column":3}},"62":{"start":{"line":63,"column":0},"end":{"line":63,"column":19}},"63":{"start":{"line":64,"column":0},"end":{"line":64,"column":82}},"64":{"start":{"line":65,"column":0},"end":{"line":65,"column":3}},"66":{"start":{"line":67,"column":0},"end":{"line":67,"column":50}},"67":{"start":{"line":68,"column":0},"end":{"line":68,"column":42}},"68":{"start":{"line":69,"column":0},"end":{"line":69,"column":42}},"69":{"start":{"line":70,"column":0},"end":{"line":70,"column":24}},"70":{"start":{"line":71,"column":0},"end":{"line":71,"column":42}},"71":{"start":{"line":72,"column":0},"end":{"line":72,"column":32}},"72":{"start":{"line":73,"column":0},"end":{"line":73,"column":76}},"73":{"start":{"line":74,"column":0},"end":{"line":74,"column":28}},"74":{"start":{"line":75,"column":0},"end":{"line":75,"column":13}},"75":{"start":{"line":76,"column":0},"end":{"line":76,"column":5}},"77":{"start":{"line":78,"column":0},"end":{"line":78,"column":33}},"79":{"start":{"line":80,"column":0},"end":{"line":80,"column":13}},"80":{"start":{"line":81,"column":0},"end":{"line":81,"column":1}},"83":{"start":{"line":84,"column":0},"end":{"line":84,"column":78}},"84":{"start":{"line":85,"column":0},"end":{"line":85,"column":42}},"85":{"start":{"line":86,"column":0},"end":{"line":86,"column":38}},"87":{"start":{"line":88,"column":0},"end":{"line":88,"column":27}},"88":{"start":{"line":89,"column":0},"end":{"line":89,"column":24}},"89":{"start":{"line":90,"column":0},"end":{"line":90,"column":36}},"91":{"start":{"line":92,"column":0},"end":{"line":92,"column":18}},"92":{"start":{"line":93,"column":0},"end":{"line":93,"column":15}},"93":{"start":{"line":94,"column":0},"end":{"line":94,"column":22}},"94":{"start":{"line":95,"column":0},"end":{"line":95,"column":45}},"95":{"start":{"line":96,"column":0},"end":{"line":96,"column":14}},"96":{"start":{"line":97,"column":0},"end":{"line":97,"column":15}},"97":{"start":{"line":98,"column":0},"end":{"line":98,"column":15}},"98":{"start":{"line":99,"column":0},"end":{"line":99,"column":21}},"99":{"start":{"line":100,"column":0},"end":{"line":100,"column":45}},"100":{"start":{"line":101,"column":0},"end":{"line":101,"column":14}},"101":{"start":{"line":102,"column":0},"end":{"line":102,"column":22}},"102":{"start":{"line":103,"column":0},"end":{"line":103,"column":45}},"103":{"start":{"line":104,"column":0},"end":{"line":104,"column":14}},"104":{"start":{"line":105,"column":0},"end":{"line":105,"column":20}},"105":{"start":{"line":106,"column":0},"end":{"line":106,"column":23}},"106":{"start":{"line":107,"column":0},"end":{"line":107,"column":14}},"107":{"start":{"line":108,"column":0},"end":{"line":108,"column":14}},"108":{"start":{"line":109,"column":0},"end":{"line":109,"column":23}},"109":{"start":{"line":110,"column":0},"end":{"line":110,"column":14}},"110":{"start":{"line":111,"column":0},"end":{"line":111,"column":5}},"111":{"start":{"line":112,"column":0},"end":{"line":112,"column":3}},"113":{"start":{"line":114,"column":0},"end":{"line":114,"column":13}},"114":{"start":{"line":115,"column":0},"end":{"line":115,"column":1}},"117":{"start":{"line":118,"column":0},"end":{"line":118,"column":59}},"118":{"start":{"line":119,"column":0},"end":{"line":119,"column":32}},"119":{"start":{"line":120,"column":0},"end":{"line":120,"column":45}},"120":{"start":{"line":121,"column":0},"end":{"line":121,"column":1}},"123":{"start":{"line":124,"column":0},"end":{"line":124,"column":74}},"124":{"start":{"line":125,"column":0},"end":{"line":125,"column":45}},"125":{"start":{"line":126,"column":0},"end":{"line":126,"column":46}},"126":{"start":{"line":127,"column":0},"end":{"line":127,"column":27}},"127":{"start":{"line":128,"column":0},"end":{"line":128,"column":3}},"128":{"start":{"line":129,"column":0},"end":{"line":129,"column":16}},"129":{"start":{"line":130,"column":0},"end":{"line":130,"column":1}},"132":{"start":{"line":133,"column":0},"end":{"line":133,"column":80}},"133":{"start":{"line":134,"column":0},"end":{"line":134,"column":42}},"134":{"start":{"line":135,"column":0},"end":{"line":135,"column":49}},"135":{"start":{"line":136,"column":0},"end":{"line":136,"column":42}},"136":{"start":{"line":137,"column":0},"end":{"line":137,"column":3}},"137":{"start":{"line":138,"column":0},"end":{"line":138,"column":13}},"138":{"start":{"line":139,"column":0},"end":{"line":139,"column":1}}},"s":{"0":1,"21":1,"22":64,"23":64,"24":64,"30":1,"31":60,"32":60,"33":60,"34":60,"35":1,"36":1,"38":59,"39":59,"40":60,"41":1,"42":1,"43":1,"45":56,"46":56,"51":64,"52":64,"54":64,"55":64,"56":64,"58":64,"59":6,"60":6,"62":64,"63":6,"64":6,"66":64,"67":148,"68":148,"69":148,"70":148,"71":148,"72":148,"73":148,"74":148,"75":64,"77":64,"79":64,"80":64,"83":410,"84":410,"85":410,"87":410,"88":2864,"89":2864,"91":2864,"92":2864,"93":2864,"94":817,"95":817,"96":2864,"97":2864,"98":2864,"99":1222,"100":1222,"101":2864,"102":407,"103":407,"104":2864,"105":406,"106":406,"107":2864,"108":12,"109":12,"110":2864,"111":2864,"113":410,"114":410,"117":1629,"118":1629,"119":1629,"120":1629,"123":12,"124":12,"125":12,"126":30,"127":30,"128":12,"129":12,"132":6,"133":6,"134":6,"135":18,"136":18,"137":6,"138":6},"branchMap":{"0":{"type":"branch","line":22,"loc":{"start":{"line":22,"column":7},"end":{"line":25,"column":1}},"locations":[{"start":{"line":22,"column":7},"end":{"line":25,"column":1}}]},"1":{"type":"branch","line":31,"loc":{"start":{"line":31,"column":7},"end":{"line":47,"column":1}},"locations":[{"start":{"line":31,"column":7},"end":{"line":47,"column":1}}]},"2":{"type":"branch","line":35,"loc":{"start":{"line":35,"column":2},"end":{"line":37,"column":3}},"locations":[{"start":{"line":35,"column":2},"end":{"line":37,"column":3}}]},"3":{"type":"branch","line":37,"loc":{"start":{"line":37,"column":2},"end":{"line":41,"column":21}},"locations":[{"start":{"line":37,"column":2},"end":{"line":41,"column":21}}]},"4":{"type":"branch","line":41,"loc":{"start":{"line":41,"column":21},"end":{"line":47,"column":1}},"locations":[{"start":{"line":41,"column":21},"end":{"line":47,"column":1}}]},"5":{"type":"branch","line":41,"loc":{"start":{"line":41,"column":21},"end":{"line":44,"column":3}},"locations":[{"start":{"line":41,"column":21},"end":{"line":44,"column":3}}]},"6":{"type":"branch","line":42,"loc":{"start":{"line":42,"column":39},"end":{"line":42,"column":71}},"locations":[{"start":{"line":42,"column":39},"end":{"line":42,"column":71}}]},"7":{"type":"branch","line":52,"loc":{"start":{"line":52,"column":0},"end":{"line":81,"column":1}},"locations":[{"start":{"line":52,"column":0},"end":{"line":81,"column":1}}]},"8":{"type":"branch","line":57,"loc":{"start":{"line":57,"column":31},"end":{"line":57,"column":54}},"locations":[{"start":{"line":57,"column":31},"end":{"line":57,"column":54}}]},"9":{"type":"branch","line":59,"loc":{"start":{"line":59,"column":18},"end":{"line":61,"column":3}},"locations":[{"start":{"line":59,"column":18},"end":{"line":61,"column":3}}]},"10":{"type":"branch","line":63,"loc":{"start":{"line":63,"column":18},"end":{"line":65,"column":3}},"locations":[{"start":{"line":63,"column":18},"end":{"line":65,"column":3}}]},"11":{"type":"branch","line":67,"loc":{"start":{"line":67,"column":37},"end":{"line":76,"column":3}},"locations":[{"start":{"line":67,"column":37},"end":{"line":76,"column":3}}]},"12":{"type":"branch","line":69,"loc":{"start":{"line":69,"column":23},"end":{"line":69,"column":42}},"locations":[{"start":{"line":69,"column":23},"end":{"line":69,"column":42}}]},"13":{"type":"branch","line":72,"loc":{"start":{"line":72,"column":12},"end":{"line":72,"column":31}},"locations":[{"start":{"line":72,"column":12},"end":{"line":72,"column":31}}]},"14":{"type":"branch","line":73,"loc":{"start":{"line":73,"column":11},"end":{"line":73,"column":74}},"locations":[{"start":{"line":73,"column":11},"end":{"line":73,"column":74}}]},"15":{"type":"branch","line":84,"loc":{"start":{"line":84,"column":0},"end":{"line":115,"column":1}},"locations":[{"start":{"line":84,"column":0},"end":{"line":115,"column":1}}]},"16":{"type":"branch","line":88,"loc":{"start":{"line":88,"column":26},"end":{"line":112,"column":3}},"locations":[{"start":{"line":88,"column":26},"end":{"line":112,"column":3}}]},"17":{"type":"branch","line":90,"loc":{"start":{"line":90,"column":27},"end":{"line":90,"column":36}},"locations":[{"start":{"line":90,"column":27},"end":{"line":90,"column":36}}]},"18":{"type":"branch","line":93,"loc":{"start":{"line":93,"column":6},"end":{"line":93,"column":15}},"locations":[{"start":{"line":93,"column":6},"end":{"line":93,"column":15}}]},"19":{"type":"branch","line":94,"loc":{"start":{"line":94,"column":6},"end":{"line":96,"column":14}},"locations":[{"start":{"line":94,"column":6},"end":{"line":96,"column":14}}]},"20":{"type":"branch","line":97,"loc":{"start":{"line":97,"column":6},"end":{"line":97,"column":15}},"locations":[{"start":{"line":97,"column":6},"end":{"line":97,"column":15}}]},"21":{"type":"branch","line":98,"loc":{"start":{"line":98,"column":6},"end":{"line":98,"column":15}},"locations":[{"start":{"line":98,"column":6},"end":{"line":98,"column":15}}]},"22":{"type":"branch","line":99,"loc":{"start":{"line":99,"column":6},"end":{"line":101,"column":14}},"locations":[{"start":{"line":99,"column":6},"end":{"line":101,"column":14}}]},"23":{"type":"branch","line":102,"loc":{"start":{"line":102,"column":6},"end":{"line":104,"column":14}},"locations":[{"start":{"line":102,"column":6},"end":{"line":104,"column":14}}]},"24":{"type":"branch","line":105,"loc":{"start":{"line":105,"column":6},"end":{"line":107,"column":14}},"locations":[{"start":{"line":105,"column":6},"end":{"line":107,"column":14}}]},"25":{"type":"branch","line":108,"loc":{"start":{"line":108,"column":6},"end":{"line":110,"column":14}},"locations":[{"start":{"line":108,"column":6},"end":{"line":110,"column":14}}]},"26":{"type":"branch","line":118,"loc":{"start":{"line":118,"column":0},"end":{"line":121,"column":1}},"locations":[{"start":{"line":118,"column":0},"end":{"line":121,"column":1}}]},"27":{"type":"branch","line":124,"loc":{"start":{"line":124,"column":0},"end":{"line":130,"column":1}},"locations":[{"start":{"line":124,"column":0},"end":{"line":130,"column":1}}]},"28":{"type":"branch","line":126,"loc":{"start":{"line":126,"column":45},"end":{"line":128,"column":3}},"locations":[{"start":{"line":126,"column":45},"end":{"line":128,"column":3}}]},"29":{"type":"branch","line":133,"loc":{"start":{"line":133,"column":0},"end":{"line":139,"column":1}},"locations":[{"start":{"line":133,"column":0},"end":{"line":139,"column":1}}]},"30":{"type":"branch","line":135,"loc":{"start":{"line":135,"column":48},"end":{"line":137,"column":3}},"locations":[{"start":{"line":135,"column":48},"end":{"line":137,"column":3}}]}},"b":{"0":[64],"1":[60],"2":[1],"3":[59],"4":[56],"5":[1],"6":[1],"7":[64],"8":[6],"9":[6],"10":[6],"11":[148],"12":[1],"13":[337],"14":[410],"15":[410],"16":[2864],"17":[0],"18":[410],"19":[817],"20":[408],"21":[815],"22":[1222],"23":[407],"24":[406],"25":[12],"26":[1629],"27":[12],"28":[30],"29":[6],"30":[18]},"fnMap":{"0":{"name":"serialize","decl":{"start":{"line":22,"column":7},"end":{"line":25,"column":1}},"loc":{"start":{"line":22,"column":7},"end":{"line":25,"column":1}},"line":22},"1":{"name":"deserialize","decl":{"start":{"line":31,"column":7},"end":{"line":47,"column":1}},"loc":{"start":{"line":31,"column":7},"end":{"line":47,"column":1}},"line":31},"2":{"name":"sortAndRound","decl":{"start":{"line":52,"column":0},"end":{"line":81,"column":1}},"loc":{"start":{"line":52,"column":0},"end":{"line":81,"column":1}},"line":52},"3":{"name":"roundKeyframe","decl":{"start":{"line":84,"column":0},"end":{"line":115,"column":1}},"loc":{"start":{"line":84,"column":0},"end":{"line":115,"column":1}},"line":84},"4":{"name":"roundTo","decl":{"start":{"line":118,"column":0},"end":{"line":121,"column":1}},"loc":{"start":{"line":118,"column":0},"end":{"line":121,"column":1}},"line":118},"5":{"name":"sortKeys","decl":{"start":{"line":124,"column":0},"end":{"line":130,"column":1}},"loc":{"start":{"line":124,"column":0},"end":{"line":130,"column":1}},"line":124},"6":{"name":"stripUndefined","decl":{"start":{"line":133,"column":0},"end":{"line":139,"column":1}},"loc":{"start":{"line":133,"column":0},"end":{"line":139,"column":1}},"line":133}},"f":{"0":64,"1":60,"2":64,"3":410,"4":1629,"5":12,"6":6}}
,"/home/bravo1goingdark/Downloads/ascii/packages/core/src/types.ts": {"path":"/home/bravo1goingdark/Downloads/ascii/packages/core/src/types.ts","all":false,"statementMap":{"7":{"start":{"line":8,"column":0},"end":{"line":8,"column":33}},"22":{"start":{"line":23,"column":0},"end":{"line":23,"column":52}},"23":{"start":{"line":24,"column":0},"end":{"line":24,"column":12}},"24":{"start":{"line":25,"column":0},"end":{"line":25,"column":14}},"25":{"start":{"line":26,"column":0},"end":{"line":26,"column":13}},"26":{"start":{"line":27,"column":0},"end":{"line":27,"column":9}},"27":{"start":{"line":28,"column":0},"end":{"line":28,"column":12}},"28":{"start":{"line":29,"column":0},"end":{"line":29,"column":12}},"29":{"start":{"line":30,"column":0},"end":{"line":30,"column":11}},"30":{"start":{"line":31,"column":0},"end":{"line":31,"column":11}},"162":{"start":{"line":163,"column":0},"end":{"line":163,"column":69}},"163":{"start":{"line":164,"column":0},"end":{"line":164,"column":7}},"164":{"start":{"line":165,"column":0},"end":{"line":165,"column":7}},"165":{"start":{"line":166,"column":0},"end":{"line":166,"column":13}},"166":{"start":{"line":167,"column":0},"end":{"line":167,"column":15}},"167":{"start":{"line":168,"column":0},"end":{"line":168,"column":14}},"168":{"start":{"line":169,"column":0},"end":{"line":169,"column":21}},"169":{"start":{"line":170,"column":0},"end":{"line":170,"column":3}},"172":{"start":{"line":173,"column":0},"end":{"line":173,"column":30}},"175":{"start":{"line":176,"column":0},"end":{"line":176,"column":59}},"176":{"start":{"line":177,"column":0},"end":{"line":177,"column":11}},"177":{"start":{"line":178,"column":0},"end":{"line":178,"column":11}},"178":{"start":{"line":179,"column":0},"end":{"line":179,"column":3}},"181":{"start":{"line":182,"column":0},"end":{"line":182,"column":66}}},"s":{"7":1,"22":1,"23":1,"24":1,"25":1,"26":1,"27":1,"28":1,"29":1,"30":1,"162":1,"163":1,"164":1,"165":1,"166":1,"167":1,"168":1,"169":1,"172":1,"175":1,"176":1,"177":1,"178":1,"181":1},"branchMap":{},"b":{},"fnMap":{},"f":{}}
[...]
"column":112}},"locations":[{"start":{"line":44,"column":90},"end":{"line":44,"column":112}}]},"21":{"type":"branch","line":44,"loc":{"start":{"line":44,"column":108},"end":{"line":44,"column":117}},"locations":[{"start":{"line":44,"column":108},"end":{"line":44,"column":117}}]},"22":{"type":"branch","line":47,"loc":{"start":{"line":47,"column":15},"end":{"line":47,"column":48}},"locations":[{"start":{"line":47,"column":15},"end":{"line":47,"column":48}}]},"23":{"type":"branch","line":47,"loc":{"start":{"line":47,"column":48},"end":{"line":53,"column":3}},"locations":[{"start":{"line":47,"column":48},"end":{"line":53,"column":3}}]},"24":{"type":"branch","line":48,"loc":{"start":{"line":48,"column":40},"end":{"line":50,"column":15}},"locations":[{"start":{"line":48,"column":40},"end":{"line":50,"column":15}}]},"25":{"type":"branch","line":50,"loc":{"start":{"line":50,"column":4},"end":{"line":52,"column":5}},"locations":[{"start":{"line":50,"column":4},"end":{"line":52,"column":5}}]},"26":{"type":"branch","line":50,"loc":{"start":{"line":50,"column":43},"end":{"line":50,"column":66}},"locations":[{"start":{"line":50,"column":43},"end":{"line":50,"column":66}}]},"27":{"type":"branch","line":50,"loc":{"start":{"line":50,"column":61},"end":{"line":50,"column":84}},"locations":[{"start":{"line":50,"column":61},"end":{"line":50,"column":84}}]},"28":{"type":"branch","line":50,"loc":{"start":{"line":50,"column":84},"end":{"line":52,"column":5}},"locations":[{"start":{"line":50,"column":84},"end":{"line":52,"column":5}}]},"29":{"type":"branch","line":53,"loc":{"start":{"line":53,"column":2},"end":{"line":56,"column":23}},"locations":[{"start":{"line":53,"column":2},"end":{"line":56,"column":23}}]},"30":{"type":"branch","line":56,"loc":{"start":{"line":56,"column":16},"end":{"line":56,"column":50}},"locations":[{"start":{"line":56,"column":16},"end":{"line":56,"column":50}}]},"31":{"type":"branch","line":56,"loc":{"start":{"line":56,"column":50},"end":{"line":58,"column":3}},"locations":[{"start":{"line":56,"column":50},"end":{"line":58,"column":3}}]},"32":{"type":"branch","line":58,"loc":{"start":{"line":58,"column":2},"end":{"line":61,"column":61}},"locations":[{"start":{"line":58,"column":2},"end":{"line":61,"column":61}}]},"33":{"type":"branch","line":61,"loc":{"start":{"line":61,"column":61},"end":{"line":63,"column":9}},"locations":[{"start":{"line":61,"column":61},"end":{"line":63,"column":9}}]},"34":{"type":"branch","line":63,"loc":{"start":{"line":63,"column":2},"end":{"line":65,"column":3}},"locations":[{"start":{"line":63,"column":2},"end":{"line":65,"column":3}}]},"35":{"type":"branch","line":65,"loc":{"start":{"line":65,"column":2},"end":{"line":68,"column":1}},"locations":[{"start":{"line":65,"column":2},"end":{"line":68,"column":1}}]},"36":{"type":"branch","line":70,"loc":{"start":{"line":70,"column":0},"end":{"line":83,"column":1}},"locations":[{"start":{"line":70,"column":0},"end":{"line":83,"column":1}}]},"37":{"type":"branch","line":71,"loc":{"start":{"line":71,"column":39},"end":{"line":71,"column":72}},"locations":[{"start":{"line":71,"column":39},"end":{"line":71,"column":72}}]},"38":{"type":"branch","line":71,"loc":{"start":{"line":71,"column":72},"end":{"line":74,"column":3}},"locations":[{"start":{"line":71,"column":72},"end":{"line":74,"column":3}}]},"39":{"type":"branch","line":74,"loc":{"start":{"line":74,"column":2},"end":{"line":77,"column":71}},"locations":[{"start":{"line":74,"column":2},"end":{"line":77,"column":71}}]},"40":{"type":"branch","line":77,"loc":{"start":{"line":77,"column":66},"end":{"line":77,"column":87}},"locations":[{"start":{"line":77,"column":66},"end":{"line":77,"column":87}}]},"41":{"type":"branch","line":77,"loc":{"start":{"line":77,"column":87},"end":{"line":79,"column":3}},"locations":[{"start":{"line":77,"column":87},"end":{"line":79,"column":3}}]},"42":{"type":"branch","line":79,"loc":{"start":{"line":79,"column":2},"end":{"line":80,"column":71}},"locations":[{"start":{"line":79,"column":2},"end":{"line":80,"column":71}}]},"43":{"type":"branch","line":80,"loc":{"start":{"line":80,"column":66},"end":{"line":80,"column":87}},"locations":[{"start":{"line":80,"column":66},"end":{"line":80,"column":87}}]},"44":{"type":"branch","line":80,"loc":{"start":{"line":80,"column":87},"end":{"line":82,"column":3}},"locations":[{"start":{"line":80,"column":87},"end":{"line":82,"column":3}}]},"45":{"type":"branch","line":85,"loc":{"start":{"line":85,"column":0},"end":{"line":130,"column":1}},"locations":[{"start":{"line":85,"column":0},"end":{"line":130,"column":1}}]},"46":{"type":"branch","line":92,"loc":{"start":{"line":92,"column":46},"end":{"line":129,"column":3}},"locations":[{"start":{"line":92,"column":46},"end":{"line":129,"column":3}}]},"47":{"type":"branch","line":96,"loc":{"start":{"line":96,"column":19},"end":{"line":96,"column":57}},"locations":[{"start":{"line":96,"column":19},"end":{"line":96,"column":57}}]},"48":{"type":"branch","line":96,"loc":{"start":{"line":96,"column":45},"end":{"line":96,"column":80}},"locations":[{"start":{"line":96,"column":45},"end":{"line":96,"column":80}}]},"49":{"type":"branch","line":96,"loc":{"start":{"line":96,"column":80},"end":{"line":99,"column":5}},"locations":[{"start":{"line":96,"column":80},"end":{"line":99,"column":5}}]},"50":{"type":"branch","line":99,"loc":{"start":{"line":99,"column":4},"end":{"line":104,"column":37}},"locations":[{"start":{"line":99,"column":4},"end":{"line":104,"column":37}}]},"51":{"type":"branch","line":104,"loc":{"start":{"line":104,"column":37},"end":{"line":106,"column":15}},"locations":[{"start":{"line":104,"column":37},"end":{"line":106,"column":15}}]},"52":{"type":"branch","line":106,"loc":{"start":{"line":106,"column":4},"end":{"line":116,"column":5}},"locations":[{"start":{"line":106,"column":4},"end":{"line":116,"column":5}}]},"53":{"type":"branch","line":106,"loc":{"start":{"line":106,"column":44},"end":{"line":112,"column":15}},"locations":[{"start":{"line":106,"column":44},"end":{"line":112,"column":15}}]},"54":{"type":"branch","line":112,"loc":{"start":{"line":112,"column":4},"end":{"line":116,"column":5}},"locations":[{"start":{"line":112,"column":4},"end":{"line":116,"column":5}}]},"55":{"type":"branch","line":112,"loc":{"start":{"line":112,"column":37},"end":{"line":114,"column":11}},"locations":[{"start":{"line":112,"column":37},"end":{"line":114,"column":11}}]},"56":{"type":"branch","line":114,"loc":{"start":{"line":114,"column":4},"end":{"line":116,"column":5}},"locations":[{"start":{"line":114,"column":4},"end":{"line":116,"column":5}}]},"57":{"type":"branch","line":116,"loc":{"start":{"line":116,"column":4},"end":{"line":119,"column":39}},"locations":[{"start":{"line":116,"column":4},"end":{"line":119,"column":39}}]},"58":{"type":"branch","line":119,"loc":{"start":{"line":119,"column":39},"end":{"line":121,"column":5}},"locations":[{"start":{"line":119,"column":39},"end":{"line":121,"column":5}}]},"59":{"type":"branch","line":121,"loc":{"start":{"line":121,"column":4},"end":{"line":124,"column":40}},"locations":[{"start":{"line":121,"column":4},"end":{"line":124,"column":40}}]},"60":{"type":"branch","line":124,"loc":{"start":{"line":124,"column":40},"end":{"line":126,"column":11}},"locations":[{"start":{"line":124,"column":40},"end":{"line":126,"column":11}}]},"61":{"type":"branch","line":126,"loc":{"start":{"line":126,"column":4},"end":{"line":128,"column":5}},"locations":[{"start":{"line":126,"column":4},"end":{"line":128,"column":5}}]},"62":{"type":"branch","line":132,"loc":{"start":{"line":132,"column":0},"end":{"line":220,"column":1}},"locations":[{"start":{"line":132,"column":0},"end":{"line":220,"column":1}}]},"63":{"type":"branch","line":140,"loc":{"start":{"line":140,"column":48},"end":{"line":219,"column":3}},"locations":[{"start":{"line":140,"column":48},"end":{"line":219,"column":3}}]},"64":{"type":"branch","line":144,"loc":{"start":{"line":144,"column":15},"end":{"line":144,"column":49}},"locations":[{"start":{"line":144,"column":15},"end":{"line":144,"column":49}}]},"65":{"type":"branch","line":144,"loc":{"start":{"line":144,"column":37},"end":{"line":144,"column":68}},"locations":[{"start":{"line":144,"column":37},"end":{"line":144,"column":68}}]},"66":{"type":"branch","line":144,"loc":{"start":{"line":144,"column":68},"end":{"line":147,"column":5}},"locations":[{"start":{"line":144,"column":68},"end":{"line":147,"column":5}}]},"67":{"type":"branch","line":147,"loc":{"start":{"line":147,"column":4},"end":{"line":152,"column":36}},"locations":[{"start":{"line":147,"column":4},"end":{"line":152,"column":36}}]},"68":{"type":"branch","line":152,"loc":{"start":{"line":152,"column":36},"end":{"line":154,"column":15}},"locations":[{"start":{"line":152,"column":36},"end":{"line":154,"column":15}}]},"69":{"type":"branch","line":154,"loc":{"start":{"line":154,"column":4},"end":{"line":176,"column":5}},"locations":[{"start":{"line":154,"column":4},"end":{"line":176,"column":5}}]},"70":{"type":"branch","line":154,"loc":{"start":{"line":154,"column":42},"end":{"line":156,"column":11}},"locations":[{"start":{"line":154,"column":42},"end":{"line":156,"column":11}}]},"71":{"type":"branch","line":156,"loc":{"start":{"line":156,"column":4},"end":{"line":176,"column":5}},"locations":[{"start":{"line":156,"column":4},"end":{"line":176,"column":5}}]},"72":{"type":"branch","line":157,"loc":{"start":{"line":157,"column":22},"end":{"line":159,"column":7}},"locations":[{"start":{"line":157,"column":22},"end":{"line":159,"column":7}}]},"73":{"type":"branch","line":160,"loc":{"start":{"line":160,"column":50},"end":{"line":166,"column":7}},"locations":[{"start":{"line":160,"column":50},"end":{"line":166,"column":7}}]},"74":{"type":"branch","line":167,"loc":{"start":{"line":167,"column":33},"end":{"line":173,"column":13}},"locations":[{"start":{"line":167,"column":33},"end":{"line":173,"column":13}}]},"75":{"type":"branch","line":173,"loc":{"start":{"line":173,"column":6},"end":{"line":175,"column":7}},"locations":[{"start":{"line":173,"column":6},"end":{"line":175,"column":7}}]},"76":{"type":"branch","line":176,"loc":{"start":{"line":176,"column":4},"end":{"line":184,"column":26}},"locations":[{"start":{"line":176,"column":4},"end":{"line":184,"column":26}}]},"77":{"type":"branch","line":184,"loc":{"start":{"line":184,"column":21},"end":{"line":184,"column":54}},"locations":[{"start":{"line":184,"column":21},"end":{"line":184,"column":54}}]},"78":{"type":"branch","line":184,"loc":{"start":{"line":184,"column":54},"end":{"line":190,"column":5}},"locations":[{"start":{"line":184,"column":54},"end":{"line":190,"column":5}}]},"79":{"type":"branch","line":185,"loc":{"start":{"line":185,"column":78},"end":{"line":187,"column":17}},"locations":[{"start":{"line":185,"column":78},"end":{"line":187,"column":17}}]},"80":{"type":"branch","line":187,"loc":{"start":{"line":187,"column":6},"end":{"line":189,"column":7}},"locations":[{"start":{"line":187,"column":6},"end":{"line":189,"column":7}}]},"81":{"type":"branch","line":187,"loc":{"start":{"line":187,"column":32},"end":{"line":187,"column":55}},"locations":[{"start":{"line":187,"column":32},"end":{"line":187,"column":55}}]},"82":{"type":"branch","line":187,"loc":{"start":{"line":187,"column":55},"end":{"line":189,"column":7}},"locations":[{"start":{"line":187,"column":55},"end":{"line":189,"column":7}}]},"83":{"type":"branch","line":190,"loc":{"start":{"line":190,"column":4},"end":{"line":193,"column":27}},"locations":[{"start":{"line":190,"column":4},"end":{"line":193,"column":27}}]},"84":{"type":"branch","line":193,"loc":{"start":{"line":193,"column":22},"end":{"line":193,"column":56}},"locations":[{"start":{"line":193,"column":22},"end":{"line":193,"column":56}}]},"85":{"type":"branch","line":193,"loc":{"start":{"line":193,"column":56},"end":{"line":199,"column":5}},"locations":[{"start":{"line":193,"column":56},"end":{"line":199,"column":5}}]},"86":{"type":"branch","line":194,"loc":{"start":{"line":194,"column":80},"end":{"line":196,"column":17}},"locations":[{"start":{"line":194,"column":80},"end":{"line":196,"column":17}}]},"87":{"type":"branch","line":196,"loc":{"start":{"line":196,"column":6},"end":{"line":198,"column":7}},"locations":[{"start":{"line":196,"column":6},"end":{"line":198,"column":7}}]},"88":{"type":"branch","line":196,"loc":{"start":{"line":196,"column":37},"end":{"line":198,"column":7}},"locations":[{"start":{"line":196,"column":37},"end":{"line":198,"column":7}}]},"89":{"type":"branch","line":199,"loc":{"start":{"line":199,"column":4},"end":{"line":202,"column":24}},"locations":[{"start":{"line":199,"column":4},"end":{"line":202,"column":24}}]},"90":{"type":"branch","line":202,"loc":{"start":{"line":202,"column":19},"end":{"line":202,"column":50}},"locations":[{"start":{"line":202,"column":19},"end":{"line":202,"column":50}}]},"91":{"type":"branch","line":202,"loc":{"start":{"line":202,"column":50},"end":{"line":206,"column":5}},"locations":[{"start":{"line":202,"column":50},"end":{"line":206,"column":5}}]},"92":{"type":"branch","line":203,"loc":{"start":{"line":203,"column":42},"end":{"line":205,"column":7}},"locations":[{"start":{"line":203,"column":42},"end":{"line":205,"column":7}}]},"93":{"type":"branch","line":206,"loc":{"start":{"line":206,"column":4},"end":{"line":209,"column":23}},"locations":[{"start":{"line":206,"column":4},"end":{"line":209,"column":23}}]},"94":{"type":"branch","line":209,"loc":{"start":{"line":209,"column":18},"end":{"line":209,"column":48}},"locations":[{"start":{"line":209,"column":18},"end":{"line":209,"column":48}}]},"95":{"type":"branch","line":209,"loc":{"start":{"line":209,"column":48},"end":{"line":213,"column":5}},"locations":[{"start":{"line":209,"column":48},"end":{"line":213,"column":5}}]},"96":{"type":"branch","line":210,"loc":{"start":{"line":210,"column":41},"end":{"line":212,"column":7}},"locations":[{"start":{"line":210,"column":41},"end":{"line":212,"column":7}}]},"97":{"type":"branch","line":213,"loc":{"start":{"line":213,"column":4},"end":{"line":216,"column":25}},"locations":[{"start":{"line":213,"column":4},"end":{"line":216,"column":25}}]},"98":{"type":"branch","line":216,"loc":{"start":{"line":216,"column":20},"end":{"line":216,"column":52}},"locations":[{"start":{"line":216,"column":20},"end":{"line":216,"column":52}}]},"99":{"type":"branch","line":216,"loc":{"start":{"line":216,"column":52},"end":{"line":218,"column":5}},"locations":[{"start":{"line":216,"column":52},"end":{"line":218,"column":5}}]},"100":{"type":"branch","line":222,"loc":{"start":{"line":222,"column":0},"end":{"line":237,"column":1}},"locations":[{"start":{"line":222,"column":0},"end":{"line":237,"column":1}}]},"101":{"type":"branch","line":228,"loc":{"start":{"line":228,"column":14},"end":{"line":228,"column":46}},"locations":[{"start":{"line":228,"column":14},"end":{"line":228,"column":46}}]},"102":{"type":"branch","line":228,"loc":{"start":{"line":228,"column":46},"end":{"line":236,"column":3}},"locations":[{"start":{"line":228,"column":46},"end":{"line":236,"column":3}}]},"103":{"type":"branch","line":229,"loc":{"start":{"line":229,"column":70},"end":{"line":235,"column":5}},"locations":[{"start":{"line":229,"column":70},"end":{"line":235,"column":5}}]},"104":{"type":"branch","line":239,"loc":{"start":{"line":239,"column":0},"end":{"line":267,"column":1}},"locations":[{"start":{"line":239,"column":0},"end":{"line":267,"column":1}}]},"105":{"type":"branch","line":240,"loc":{"start":{"line":240,"column":34},"end":{"line":245,"column":3}},"locations":[{"start":{"line":240,"column":34},"end":{"line":245,"column":3}}]},"106":{"type":"branch","line":241,"loc":{"start":{"line":241,"column":36},"end":{"line":243,"column":5}},"locations":[{"start":{"line":241,"column":36},"end":{"line":243,"column":5}}]},"107":{"type":"branch","line":245,"loc":{"start":{"line":245,"column":2},"end":{"line":247,"column":55}},"locations":[{"start":{"line":245,"column":2},"end":{"line":247,"column":55}}]},"108":{"type":"branch","line":247,"loc":{"start":{"line":247,"column":43},"end":{"line":247,"column":79}},"locations":[{"start":{"line":247,"column":43},"end":{"line":247,"column":79}}]},"109":{"type":"branch","line":247,"loc":{"start":{"line":247,"column":79},"end":{"line":267,"column":1}},"locations":[{"start":{"line":247,"column":79},"end":{"line":267,"column":1}}]},"110":{"type":"branch","line":247,"loc":{"start":{"line":247,"column":79},"end":{"line":264,"column":3}},"locations":[{"start":{"line":247,"column":79},"end":{"line":264,"column":3}}]},"111":{"type":"branch","line":249,"loc":{"start":{"line":249,"column":63},"end":{"line":252,"column":5}},"locations":[{"start":{"line":249,"column":63},"end":{"line":252,"column":5}}]},"112":{"type":"branch","line":252,"loc":{"start":{"line":252,"column":4},"end":{"line":253,"column":32}},"locations":[{"start":{"line":252,"column":4},"end":{"line":253,"column":32}}]},"113":{"type":"branch","line":253,"loc":{"start":{"line":253,"column":32},"end":{"line":262,"column":5}},"locations":[{"start":{"line":253,"column":32},"end":{"line":262,"column":5}}]},"114":{"type":"branch","line":255,"loc":{"start":{"line":255,"column":74},"end":{"line":261,"column":7}},"locations":[{"start":{"line":255,"column":74},"end":{"line":261,"column":7}}]},"115":{"type":"branch","line":262,"loc":{"start":{"line":262,"column":4},"end":{"line":264,"column":3}},"locations":[{"start":{"line":262,"column":4},"end":{"line":264,"column":3}}]},"116":{"type":"branch","line":264,"loc":{"start":{"line":264,"column":2},"end":{"line":267,"column":1}},"locations":[{"start":{"line":264,"column":2},"end":{"line":267,"column":1}}]}},"b":{"0":[173],"1":[172],"2":[172],"3":[170],"4":[4],"5":[169],"6":[168],"7":[2],"8":[167],"9":[1],"10":[166],"11":[2],"12":[169],"13":[168],"14":[1],"15":[168],"16":[166],"17":[6],"18":[169],"19":[168],"20":[166],"21":[3],"22":[11],"23":[11],"24":[1],"25":[10],"26":[9],"27":[7],"28":[4],"29":[169],"30":[10],"31":[10],"32":[169],"33":[1],"34":[168],"35":[169],"36":[10],"37":[9],"38":[2],"39":[8],"40":[8],"41":[1],"42":[8],"43":[8],"44":[1],"45":[168],"46":[334],"47":[333],"48":[333],"49":[2],"50":[332],"51":[1],"52":[331],"53":[1],"54":[330],"55":[1],"56":[329],"57":[332],"58":[1],"59":[332],"60":[1],"61":[331],"62":[331],"63":[927],"64":[926],"65":[925],"66":[2],"67":[925],"68":[1],"69":[924],"70":[1],"71":[923],"72":[1],"73":[1],"74":[1],"75":[922],"76":[925],"77":[887],"78":[887],"79":[1],"80":[886],"81":[885],"82":[3],"83":[925],"84":[885],"85":[885],"86":[1],"87":[884],"88":[1],"89":[925],"90":[71],"91":[71],"92":[1],"93":[925],"94":[29],"95":[29],"96":[1],"97":[925],"98":[868],"99":[868],"100":[2775],"101":[2640],"102":[2640],"103":[2],"104":[868],"105":[864],"106":[1],"107":[4],"108":[3],"109":[9],"110":[3],"111":[1],"112":[2],"113":[8],"114":[1],"115":[2],"116":[1]},"fnMap":{"0":{"name":"validate","decl":{"start":{"line":14,"column":7},"end":{"line":68,"column":1}},"loc":{"start":{"line":14,"column":7},"end":{"line":68,"column":1}},"line":14},"1":{"name":"validateGrid","decl":{"start":{"line":70,"column":0},"end":{"line":83,"column":1}},"loc":{"start":{"line":70,"column":0},"end":{"line":83,"column":1}},"line":70},"2":{"name":"validateSprites","decl":{"start":{"line":85,"column":0},"end":{"line":130,"column":1}},"loc":{"start":{"line":85,"column":0},"end":{"line":130,"column":1}},"line":85},"3":{"name":"validateKeyframes","decl":{"start":{"line":132,"column":0},"end":{"line":220,"column":1}},"loc":{"start":{"line":132,"column":0},"end":{"line":220,"column":1}},"line":132},"4":{"name":"validateFiniteNumber","decl":{"start":{"line":222,"column":0},"end":{"line":237,"column":1}},"loc":{"start":{"line":222,"column":0},"end":{"line":237,"column":1}},"line":222},"5":{"name":"validateEasing","decl":{"start":{"line":239,"column":0},"end":{"line":267,"column":1}},"loc":{"start":{"line":239,"column":0},"end":{"line":267,"column":1}},"line":239}},"f":{"0":173,"1":10,"2":168,"3":331,"4":2775,"5":868}}
}
